Sequential (
  (conv1_1): Sequential (
    (0): Conv2d(3, 32, kernel_size=(3, 3), stride=(1, 1), padding=(1, 1))
    (1): BatchNorm2d(32, eps=1e-05, momentum=0.1, affine=True)
    (2): ReLU (inplace)
  )
  (conv1_2): Sequential (
    (0): Conv2d(32, 32, kernel_size=(3, 3), stride=(1, 1), padding=(1, 1))
    (1): BatchNorm2d(32, eps=1e-05, momentum=0.1, affine=True)
    (2): ReLU (inplace)
  )
  (pool1): MaxPool2d (size=(2, 2), stride=(2, 2), dilation=(1, 1))
  (conv2_1): Sequential (
    (0): Conv2d(32, 64, kernel_size=(3, 3), stride=(1, 1), padding=(1, 1))
    (1): BatchNorm2d(64, eps=1e-05, momentum=0.1, affine=True)
    (2): ReLU (inplace)
  )
  (conv2_2): Sequential (
    (0): Conv2d(64, 64, kernel_size=(3, 3), stride=(1, 1), padding=(1, 1))
    (1): BatchNorm2d(64, eps=1e-05, momentum=0.1, affine=True)
    (2): ReLU (inplace)
  )
  (pool2): MaxPool2d (size=(2, 2), stride=(2, 2), dilation=(1, 1))
  (conv3_1): Sequential (
    (0): Conv2d(64, 128, kernel_size=(3, 3), stride=(1, 1), padding=(1, 1))
    (1): BatchNorm2d(128, eps=1e-05, momentum=0.1, affine=True)
    (2): ReLU (inplace)
  )
  (conv3_2): Sequential (
    (0): Conv2d(128, 128, kernel_size=(3, 3), stride=(1, 1), padding=(1, 1))
    (1): BatchNorm2d(128, eps=1e-05, momentum=0.1, affine=True)
    (2): ReLU (inplace)
  )
  (pool3): MaxPool2d (size=(2, 2), stride=(2, 2), dilation=(1, 1))
  (conv4_1): Sequential (
    (0): Conv2d(128, 256, kernel_size=(3, 3), stride=(1, 1), padding=(1, 1))
    (1): BatchNorm2d(256, eps=1e-05, momentum=0.1, affine=True)
    (2): ReLU (inplace)
  )
  (conv4_2): Sequential (
    (0): Conv2d(256, 256, kernel_size=(3, 3), stride=(1, 1), padding=(1, 1))
    (1): BatchNorm2d(256, eps=1e-05, momentum=0.1, affine=True)
    (2): ReLU (inplace)
  )
  (pool4): MaxPool2d (size=(2, 2), stride=(2, 2), dilation=(1, 1))
  (conv5_1): Sequential (
    (0): Conv2d(256, 256, kernel_size=(3, 3), stride=(1, 1), padding=(1, 1))
    (1): BatchNorm2d(256, eps=1e-05, momentum=0.1, affine=True)
    (2): ReLU (inplace)
  )
  (conv5_2): Sequential (
    (0): Conv2d(256, 256, kernel_size=(3, 3), stride=(1, 1), padding=(1, 1))
    (1): BatchNorm2d(256, eps=1e-05, momentum=0.1, affine=True)
    (2): ReLU (inplace)
  )
  (pool5): MaxPool2d (size=(2, 2), stride=(2, 2), dilation=(1, 1))
  (fc6): Sequential (
    (0): Conv2d(256, 256, kernel_size=(1, 1), stride=(1, 1))
    (1): BatchNorm2d(256, eps=1e-05, momentum=0.1, affine=True)
    (2): ReLU (inplace)
  )
  (logit): Conv2d(256, 40, kernel_size=(1, 1), stride=(1, 1))
  (flatter): Flatten()
)
{'batch_size': 128,
 'force_name': True,
 'graphfolder': 'logs/exp2_graphs/',
 'learning_rate': 1e-05,
 'logfile': 'logs/exp2.log',
 'mode': '',
 'name': 'exp2',
 'num_base': 32,
 'num_centroids': 40,
 'optimizer': 'SGD',
 'use_batchnorm': True,
 'weight_decay': 10.0}
Epoch 0, Batch 50, [0.022402/72.223837]
[149.0, 152.0, 172.0, 157.0, 162.0, 152.0, 150.0, 151.0, 171.0, 157.0, 129.0, 172.0, 139.0, 178.0, 157.0, 161.0, 180.0, 161.0, 180.0, 195.0, 153.0, 157.0, 169.0, 172.0, 149.0, 175.0, 159.0, 157.0, 162.0, 158.0, 162.0, 153.0, 154.0, 156.0, 162.0, 154.0, 180.0, 146.0, 160.0, 137.0]
Epoch 0, Batch 100, [0.021402/71.863935]
[161.0, 132.0, 165.0, 125.0, 148.0, 149.0, 160.0, 179.0, 168.0, 153.0, 144.0, 135.0, 156.0, 159.0, 172.0, 161.0, 162.0, 171.0, 167.0, 154.0, 178.0, 159.0, 159.0, 169.0, 158.0, 149.0, 154.0, 153.0, 186.0, 162.0, 159.0, 159.0, 162.0, 162.0, 169.0, 173.0, 187.0, 157.0, 150.0, 174.0]
Epoch 0, Batch 150, [0.021410/71.505933]
[141.0, 146.0, 139.0, 153.0, 174.0, 154.0, 152.0, 169.0, 142.0, 177.0, 163.0, 146.0, 159.0, 183.0, 158.0, 169.0, 175.0, 165.0, 156.0, 183.0, 161.0, 147.0, 146.0, 158.0, 158.0, 164.0, 159.0, 154.0, 151.0, 184.0, 157.0, 146.0, 153.0, 143.0, 164.0, 171.0, 187.0, 181.0, 143.0, 169.0]
Epoch 0, Batch 200, [0.020788/71.149849]
[168.0, 149.0, 144.0, 139.0, 162.0, 153.0, 180.0, 187.0, 171.0, 159.0, 144.0, 154.0, 158.0, 155.0, 155.0, 152.0, 164.0, 145.0, 163.0, 152.0, 133.0, 181.0, 166.0, 174.0, 175.0, 140.0, 155.0, 180.0, 158.0, 155.0, 181.0, 160.0, 158.0, 176.0, 140.0, 163.0, 168.0, 152.0, 169.0, 162.0]
Epoch 0, Batch 250, [0.020962/70.795624]
[160.0, 146.0, 160.0, 138.0, 188.0, 156.0, 163.0, 153.0, 162.0, 182.0, 131.0, 165.0, 190.0, 180.0, 147.0, 141.0, 174.0, 169.0, 159.0, 143.0, 151.0, 157.0, 159.0, 169.0, 159.0, 142.0, 169.0, 169.0, 136.0, 152.0, 179.0, 148.0, 163.0, 158.0, 159.0, 166.0, 164.0, 184.0, 163.0, 146.0]
Epoch 0, Batch 300, [0.021294/70.443295]
[141.0, 162.0, 151.0, 153.0, 149.0, 178.0, 151.0, 164.0, 159.0, 160.0, 171.0, 153.0, 176.0, 182.0, 157.0, 146.0, 168.0, 174.0, 136.0, 152.0, 154.0, 150.0, 149.0, 149.0, 151.0, 159.0, 165.0, 186.0, 165.0, 170.0, 168.0, 172.0, 169.0, 149.0, 162.0, 170.0, 162.0, 161.0, 154.0, 152.0]
Epoch 0, Batch 350, [0.020483/70.092756]
[173.0, 135.0, 159.0, 141.0, 186.0, 152.0, 156.0, 166.0, 189.0, 141.0, 155.0, 172.0, 188.0, 154.0, 186.0, 156.0, 141.0, 151.0, 165.0, 160.0, 165.0, 150.0, 159.0, 146.0, 170.0, 155.0, 171.0, 165.0, 139.0, 175.0, 176.0, 152.0, 164.0, 143.0, 151.0, 149.0, 155.0, 156.0, 171.0, 162.0]
Epoch 1, Batch 50, [0.020120/69.459569]
[264.0, 289.0, 277.0, 290.0, 289.0, 255.0, 274.0, 322.0, 279.0, 307.0, 293.0, 296.0, 321.0, 284.0, 284.0, 258.0, 312.0, 282.0, 291.0, 276.0, 251.0, 339.0, 302.0, 319.0, 299.0, 280.0, 289.0, 269.0, 286.0, 302.0, 298.0, 270.0, 305.0, 264.0, 275.0, 291.0, 339.0, 291.0, 295.0, 293.0]
Epoch 1, Batch 100, [0.019916/69.114304]
[173.0, 149.0, 128.0, 133.0, 192.0, 150.0, 182.0, 145.0, 130.0, 174.0, 151.0, 139.0, 143.0, 176.0, 156.0, 140.0, 170.0, 175.0, 150.0, 146.0, 174.0, 184.0, 177.0, 183.0, 181.0, 150.0, 141.0, 151.0, 157.0, 147.0, 159.0, 172.0, 159.0, 170.0, 183.0, 167.0, 172.0, 180.0, 145.0, 146.0]
Epoch 1, Batch 150, [0.020146/68.770868]
[160.0, 175.0, 166.0, 162.0, 169.0, 138.0, 159.0, 177.0, 124.0, 176.0, 170.0, 153.0, 149.0, 159.0, 160.0, 172.0, 178.0, 136.0, 156.0, 158.0, 186.0, 160.0, 166.0, 154.0, 152.0, 155.0, 150.0, 156.0, 184.0, 144.0, 177.0, 133.0, 164.0, 177.0, 154.0, 160.0, 177.0, 158.0, 157.0, 139.0]
Epoch 1, Batch 200, [0.019657/68.429284]
[165.0, 148.0, 165.0, 157.0, 177.0, 162.0, 159.0, 168.0, 148.0, 142.0, 156.0, 164.0, 150.0, 174.0, 155.0, 130.0, 184.0, 163.0, 178.0, 144.0, 146.0, 163.0, 157.0, 173.0, 168.0, 162.0, 146.0, 157.0, 166.0, 151.0, 165.0, 164.0, 148.0, 150.0, 155.0, 178.0, 208.0, 151.0, 139.0, 164.0]
Epoch 1, Batch 250, [0.019929/68.089514]
[158.0, 144.0, 158.0, 158.0, 153.0, 154.0, 141.0, 156.0, 155.0, 165.0, 146.0, 156.0, 139.0, 166.0, 159.0, 175.0, 167.0, 153.0, 152.0, 155.0, 180.0, 163.0, 158.0, 156.0, 161.0, 149.0, 171.0, 160.0, 178.0, 164.0, 165.0, 144.0, 157.0, 157.0, 154.0, 161.0, 220.0, 168.0, 163.0, 161.0]
Epoch 1, Batch 300, [0.019554/67.751515]
[137.0, 157.0, 171.0, 154.0, 162.0, 154.0, 137.0, 172.0, 174.0, 161.0, 149.0, 130.0, 167.0, 161.0, 162.0, 166.0, 160.0, 154.0, 158.0, 160.0, 164.0, 163.0, 176.0, 173.0, 175.0, 165.0, 166.0, 154.0, 169.0, 154.0, 167.0, 117.0, 166.0, 158.0, 147.0, 164.0, 175.0, 180.0, 153.0, 168.0]
Epoch 1, Batch 350, [0.019398/67.415308]
[162.0, 180.0, 143.0, 141.0, 164.0, 168.0, 161.0, 151.0, 161.0, 143.0, 174.0, 166.0, 146.0, 149.0, 179.0, 154.0, 180.0, 143.0, 150.0, 159.0, 164.0, 164.0, 155.0, 149.0, 170.0, 158.0, 156.0, 183.0, 163.0, 145.0, 164.0, 165.0, 149.0, 180.0, 133.0, 162.0, 213.0, 169.0, 149.0, 135.0]
Epoch 2, Batch 50, [0.018698/66.808016]
[288.0, 294.0, 325.0, 275.0, 316.0, 303.0, 282.0, 277.0, 260.0, 276.0, 253.0, 260.0, 299.0, 271.0, 283.0, 331.0, 322.0, 283.0, 259.0, 271.0, 287.0, 286.0, 320.0, 289.0, 253.0, 261.0, 290.0, 311.0, 306.0, 263.0, 321.0, 278.0, 282.0, 270.0, 248.0, 297.0, 426.0, 290.0, 305.0, 289.0]
Epoch 2, Batch 100, [0.018096/66.476852]
[141.0, 140.0, 170.0, 159.0, 175.0, 165.0, 159.0, 153.0, 152.0, 150.0, 154.0, 177.0, 143.0, 150.0, 167.0, 139.0, 173.0, 143.0, 166.0, 143.0, 170.0, 146.0, 154.0, 150.0, 160.0, 158.0, 142.0, 163.0, 160.0, 144.0, 180.0, 162.0, 148.0, 169.0, 154.0, 159.0, 263.0, 166.0, 154.0, 179.0]
Epoch 2, Batch 150, [0.018412/66.147432]
[131.0, 163.0, 153.0, 148.0, 178.0, 165.0, 170.0, 176.0, 159.0, 167.0, 150.0, 171.0, 178.0, 169.0, 134.0, 155.0, 181.0, 148.0, 149.0, 157.0, 155.0, 169.0, 153.0, 164.0, 168.0, 127.0, 133.0, 153.0, 161.0, 165.0, 167.0, 158.0, 150.0, 161.0, 166.0, 152.0, 231.0, 163.0, 152.0, 150.0]
Epoch 2, Batch 200, [0.018191/65.819749]
[135.0, 152.0, 156.0, 155.0, 184.0, 167.0, 174.0, 164.0, 148.0, 140.0, 153.0, 135.0, 165.0, 178.0, 152.0, 151.0, 155.0, 151.0, 144.0, 125.0, 170.0, 148.0, 137.0, 152.0, 161.0, 138.0, 132.0, 187.0, 171.0, 167.0, 182.0, 192.0, 143.0, 171.0, 156.0, 178.0, 241.0, 168.0, 178.0, 144.0]
Epoch 2, Batch 250, [0.017722/65.493815]
[139.0, 166.0, 149.0, 168.0, 186.0, 154.0, 176.0, 172.0, 151.0, 173.0, 149.0, 159.0, 152.0, 155.0, 167.0, 162.0, 176.0, 146.0, 143.0, 154.0, 159.0, 141.0, 148.0, 158.0, 149.0, 147.0, 148.0, 175.0, 148.0, 146.0, 166.0, 141.0, 176.0, 168.0, 149.0, 159.0, 262.0, 156.0, 146.0, 161.0]
Epoch 2, Batch 300, [0.017749/65.169629]
[148.0, 145.0, 152.0, 141.0, 178.0, 158.0, 168.0, 166.0, 127.0, 151.0, 147.0, 171.0, 131.0, 161.0, 173.0, 153.0, 163.0, 166.0, 150.0, 158.0, 136.0, 160.0, 183.0, 135.0, 156.0, 148.0, 158.0, 167.0, 178.0, 161.0, 177.0, 170.0, 148.0, 154.0, 146.0, 172.0, 280.0, 133.0, 164.0, 167.0]
Epoch 2, Batch 350, [0.016921/64.847204]
[165.0, 122.0, 142.0, 161.0, 202.0, 165.0, 167.0, 152.0, 135.0, 161.0, 148.0, 142.0, 129.0, 170.0, 170.0, 139.0, 145.0, 140.0, 144.0, 164.0, 155.0, 171.0, 177.0, 164.0, 156.0, 170.0, 172.0, 144.0, 170.0, 174.0, 180.0, 138.0, 173.0, 173.0, 152.0, 153.0, 264.0, 153.0, 139.0, 159.0]
Epoch 3, Batch 50, [0.017118/64.264731]
[286.0, 260.0, 249.0, 290.0, 359.0, 285.0, 275.0, 272.0, 281.0, 306.0, 278.0, 247.0, 264.0, 271.0, 287.0, 280.0, 293.0, 245.0, 335.0, 290.0, 296.0, 269.0, 294.0, 296.0, 298.0, 275.0, 257.0, 289.0, 285.0, 269.0, 341.0, 302.0, 292.0, 298.0, 274.0, 295.0, 486.0, 288.0, 266.0, 277.0]
Epoch 3, Batch 100, [0.016571/63.947093]
[161.0, 151.0, 141.0, 143.0, 202.0, 144.0, 150.0, 142.0, 140.0, 159.0, 137.0, 162.0, 153.0, 147.0, 163.0, 160.0, 167.0, 130.0, 159.0, 167.0, 166.0, 150.0, 143.0, 152.0, 143.0, 152.0, 143.0, 169.0, 190.0, 162.0, 181.0, 152.0, 162.0, 154.0, 167.0, 188.0, 253.0, 153.0, 156.0, 186.0]
Epoch 3, Batch 150, [0.016115/63.631191]
[173.0, 141.0, 132.0, 158.0, 220.0, 149.0, 159.0, 165.0, 136.0, 138.0, 165.0, 159.0, 164.0, 167.0, 144.0, 134.0, 163.0, 156.0, 159.0, 151.0, 154.0, 174.0, 148.0, 175.0, 144.0, 165.0, 142.0, 176.0, 167.0, 152.0, 194.0, 155.0, 147.0, 131.0, 136.0, 156.0, 283.0, 158.0, 138.0, 172.0]
Epoch 3, Batch 200, [0.015792/63.316916]
[158.0, 142.0, 127.0, 167.0, 202.0, 157.0, 162.0, 144.0, 164.0, 151.0, 160.0, 166.0, 153.0, 152.0, 165.0, 149.0, 152.0, 142.0, 167.0, 152.0, 151.0, 153.0, 156.0, 166.0, 158.0, 177.0, 161.0, 150.0, 199.0, 151.0, 176.0, 145.0, 162.0, 160.0, 122.0, 159.0, 261.0, 150.0, 161.0, 150.0]
Epoch 3, Batch 250, [0.016149/63.004376]
[144.0, 145.0, 150.0, 167.0, 209.0, 154.0, 141.0, 145.0, 146.0, 136.0, 145.0, 151.0, 151.0, 137.0, 166.0, 147.0, 156.0, 167.0, 156.0, 170.0, 165.0, 155.0, 137.0, 160.0, 150.0, 153.0, 155.0, 161.0, 185.0, 150.0, 180.0, 163.0, 173.0, 165.0, 164.0, 161.0, 272.0, 163.0, 151.0, 154.0]
Epoch 3, Batch 300, [0.015296/62.693483]
[152.0, 156.0, 140.0, 162.0, 231.0, 155.0, 157.0, 164.0, 141.0, 164.0, 153.0, 154.0, 139.0, 159.0, 159.0, 148.0, 150.0, 181.0, 159.0, 158.0, 149.0, 130.0, 159.0, 167.0, 156.0, 155.0, 182.0, 141.0, 166.0, 141.0, 180.0, 145.0, 160.0, 145.0, 148.0, 157.0, 281.0, 159.0, 160.0, 137.0]
Epoch 3, Batch 350, [0.014959/62.384259]
[161.0, 168.0, 160.0, 143.0, 217.0, 141.0, 174.0, 163.0, 167.0, 154.0, 133.0, 144.0, 144.0, 156.0, 155.0, 155.0, 139.0, 143.0, 137.0, 137.0, 157.0, 152.0, 140.0, 151.0, 161.0, 149.0, 165.0, 168.0, 159.0, 169.0, 187.0, 161.0, 172.0, 154.0, 136.0, 171.0, 276.0, 152.0, 160.0, 169.0]
Epoch 4, Batch 50, [0.015106/61.825730]
[289.0, 294.0, 273.0, 254.0, 398.0, 260.0, 296.0, 275.0, 271.0, 300.0, 283.0, 264.0, 286.0, 289.0, 260.0, 300.0, 276.0, 279.0, 271.0, 251.0, 278.0, 300.0, 283.0, 314.0, 261.0, 315.0, 284.0, 289.0, 253.0, 275.0, 319.0, 270.0, 235.0, 284.0, 280.0, 309.0, 562.0, 272.0, 270.0, 278.0]
Epoch 4, Batch 100, [0.013969/61.521195]
[134.0, 155.0, 154.0, 160.0, 210.0, 158.0, 158.0, 161.0, 149.0, 160.0, 158.0, 140.0, 132.0, 164.0, 160.0, 135.0, 166.0, 139.0, 159.0, 167.0, 162.0, 153.0, 154.0, 147.0, 152.0, 155.0, 150.0, 155.0, 166.0, 161.0, 191.0, 162.0, 148.0, 159.0, 145.0, 168.0, 277.0, 152.0, 159.0, 166.0]
Epoch 4, Batch 150, [0.013692/61.218262]
[143.0, 139.0, 156.0, 163.0, 221.0, 155.0, 142.0, 152.0, 159.0, 166.0, 164.0, 159.0, 145.0, 164.0, 160.0, 133.0, 157.0, 142.0, 149.0, 142.0, 154.0, 169.0, 160.0, 152.0, 146.0, 177.0, 160.0, 146.0, 147.0, 131.0, 162.0, 161.0, 162.0, 165.0, 148.0, 163.0, 307.0, 165.0, 142.0, 172.0]
Epoch 4, Batch 200, [0.013494/60.916895]
[148.0, 144.0, 131.0, 160.0, 225.0, 173.0, 165.0, 140.0, 159.0, 146.0, 173.0, 144.0, 129.0, 158.0, 150.0, 164.0, 156.0, 155.0, 164.0, 147.0, 148.0, 143.0, 140.0, 165.0, 158.0, 158.0, 172.0, 164.0, 165.0, 166.0, 186.0, 147.0, 147.0, 158.0, 139.0, 189.0, 268.0, 155.0, 146.0, 155.0]
Epoch 4, Batch 250, [0.013188/60.617203]
[168.0, 170.0, 180.0, 152.0, 219.0, 131.0, 170.0, 137.0, 156.0, 171.0, 150.0, 154.0, 167.0, 168.0, 153.0, 136.0, 139.0, 136.0, 131.0, 137.0, 188.0, 174.0, 161.0, 141.0, 130.0, 159.0, 130.0, 166.0, 166.0, 160.0, 192.0, 146.0, 135.0, 147.0, 161.0, 156.0, 298.0, 167.0, 130.0, 168.0]
Epoch 4, Batch 300, [0.012883/60.319116]
[143.0, 135.0, 152.0, 175.0, 245.0, 142.0, 156.0, 158.0, 146.0, 152.0, 133.0, 149.0, 156.0, 160.0, 152.0, 164.0, 163.0, 149.0, 148.0, 135.0, 162.0, 155.0, 137.0, 149.0, 176.0, 144.0, 140.0, 151.0, 148.0, 140.0, 216.0, 150.0, 174.0, 159.0, 165.0, 170.0, 291.0, 166.0, 152.0, 142.0]
Epoch 4, Batch 350, [0.012846/60.022585]
[151.0, 159.0, 146.0, 178.0, 247.0, 136.0, 154.0, 159.0, 153.0, 159.0, 144.0, 151.0, 179.0, 139.0, 153.0, 158.0, 157.0, 157.0, 157.0, 162.0, 138.0, 136.0, 169.0, 161.0, 139.0, 155.0, 138.0, 167.0, 151.0, 151.0, 176.0, 149.0, 152.0, 158.0, 154.0, 147.0, 307.0, 167.0, 143.0, 143.0]
Epoch 5, Batch 50, [0.012415/59.486974]
[268.0, 271.0, 280.0, 276.0, 393.0, 287.0, 273.0, 265.0, 281.0, 273.0, 286.0, 296.0, 279.0, 313.0, 277.0, 294.0, 306.0, 290.0, 300.0, 290.0, 278.0, 274.0, 298.0, 255.0, 266.0, 301.0, 262.0, 259.0, 275.0, 273.0, 332.0, 305.0, 267.0, 264.0, 276.0, 274.0, 480.0, 317.0, 261.0, 285.0]
Epoch 5, Batch 100, [0.011531/59.194970]
[132.0, 145.0, 149.0, 142.0, 254.0, 153.0, 171.0, 155.0, 161.0, 165.0, 131.0, 143.0, 131.0, 177.0, 146.0, 154.0, 163.0, 165.0, 155.0, 164.0, 175.0, 164.0, 154.0, 175.0, 124.0, 149.0, 136.0, 154.0, 140.0, 155.0, 179.0, 155.0, 146.0, 145.0, 144.0, 164.0, 314.0, 173.0, 149.0, 149.0]
Epoch 5, Batch 150, [0.011623/58.904520]
[147.0, 139.0, 168.0, 139.0, 233.0, 148.0, 157.0, 137.0, 163.0, 157.0, 155.0, 161.0, 147.0, 155.0, 133.0, 153.0, 171.0, 151.0, 139.0, 154.0, 149.0, 152.0, 152.0, 154.0, 159.0, 147.0, 163.0, 171.0, 170.0, 136.0, 182.0, 146.0, 172.0, 141.0, 165.0, 169.0, 305.0, 165.0, 168.0, 127.0]
Epoch 5, Batch 200, [0.011239/58.615613]
[163.0, 146.0, 144.0, 158.0, 235.0, 138.0, 138.0, 156.0, 150.0, 164.0, 176.0, 132.0, 170.0, 177.0, 138.0, 160.0, 152.0, 150.0, 150.0, 137.0, 162.0, 156.0, 148.0, 143.0, 169.0, 135.0, 165.0, 131.0, 156.0, 138.0, 192.0, 150.0, 169.0, 170.0, 176.0, 147.0, 278.0, 163.0, 162.0, 156.0]
Epoch 5, Batch 250, [0.011030/58.328369]
[180.0, 163.0, 166.0, 160.0, 281.0, 170.0, 136.0, 146.0, 152.0, 141.0, 151.0, 147.0, 153.0, 146.0, 118.0, 154.0, 168.0, 146.0, 147.0, 164.0, 151.0, 159.0, 174.0, 156.0, 142.0, 162.0, 130.0, 152.0, 158.0, 174.0, 182.0, 165.0, 151.0, 145.0, 145.0, 127.0, 275.0, 156.0, 155.0, 152.0]
Epoch 5, Batch 300, [0.010566/58.042623]
[164.0, 155.0, 151.0, 173.0, 241.0, 160.0, 130.0, 148.0, 144.0, 144.0, 152.0, 152.0, 176.0, 158.0, 159.0, 154.0, 174.0, 151.0, 166.0, 176.0, 141.0, 146.0, 160.0, 138.0, 161.0, 171.0, 137.0, 142.0, 142.0, 147.0, 181.0, 163.0, 167.0, 155.0, 126.0, 151.0, 296.0, 141.0, 147.0, 160.0]
Epoch 5, Batch 350, [0.010402/57.758386]
[149.0, 176.0, 148.0, 164.0, 231.0, 168.0, 163.0, 160.0, 164.0, 158.0, 145.0, 142.0, 154.0, 159.0, 154.0, 151.0, 169.0, 151.0, 154.0, 143.0, 152.0, 140.0, 134.0, 153.0, 138.0, 157.0, 171.0, 174.0, 150.0, 161.0, 185.0, 138.0, 155.0, 160.0, 147.0, 154.0, 269.0, 164.0, 139.0, 156.0]
Epoch 6, Batch 50, [0.009885/57.245097]
[273.0, 292.0, 302.0, 251.0, 447.0, 298.0, 280.0, 245.0, 293.0, 248.0, 276.0, 279.0, 249.0, 311.0, 256.0, 298.0, 261.0, 273.0, 274.0, 274.0, 301.0, 281.0, 262.0, 287.0, 290.0, 259.0, 271.0, 284.0, 305.0, 268.0, 326.0, 272.0, 309.0, 290.0, 286.0, 276.0, 541.0, 284.0, 283.0, 245.0]
Epoch 6, Batch 100, [0.009878/56.965269]
[150.0, 143.0, 176.0, 146.0, 241.0, 155.0, 136.0, 153.0, 175.0, 156.0, 138.0, 155.0, 133.0, 156.0, 162.0, 170.0, 170.0, 139.0, 150.0, 151.0, 147.0, 132.0, 159.0, 165.0, 146.0, 154.0, 168.0, 138.0, 158.0, 153.0, 196.0, 132.0, 170.0, 153.0, 169.0, 138.0, 288.0, 158.0, 150.0, 171.0]
Epoch 6, Batch 150, [0.009197/56.686983]
[168.0, 142.0, 159.0, 141.0, 268.0, 144.0, 148.0, 154.0, 150.0, 150.0, 149.0, 166.0, 152.0, 145.0, 161.0, 143.0, 149.0, 148.0, 144.0, 146.0, 148.0, 162.0, 167.0, 174.0, 167.0, 151.0, 163.0, 167.0, 151.0, 150.0, 171.0, 145.0, 164.0, 161.0, 161.0, 150.0, 271.0, 144.0, 135.0, 171.0]
Epoch 6, Batch 200, [0.009101/56.410185]
[159.0, 148.0, 144.0, 158.0, 250.0, 161.0, 161.0, 138.0, 173.0, 152.0, 156.0, 143.0, 154.0, 153.0, 143.0, 153.0, 156.0, 161.0, 161.0, 166.0, 157.0, 160.0, 162.0, 152.0, 132.0, 163.0, 144.0, 143.0, 161.0, 160.0, 174.0, 153.0, 129.0, 156.0, 142.0, 149.0, 287.0, 160.0, 159.0, 167.0]
Epoch 6, Batch 250, [0.009131/56.134923]
[148.0, 156.0, 152.0, 149.0, 245.0, 152.0, 137.0, 159.0, 148.0, 147.0, 143.0, 176.0, 140.0, 157.0, 155.0, 143.0, 163.0, 160.0, 148.0, 148.0, 149.0, 149.0, 171.0, 161.0, 170.0, 128.0, 147.0, 148.0, 176.0, 158.0, 166.0, 161.0, 136.0, 144.0, 167.0, 156.0, 292.0, 155.0, 175.0, 165.0]
Epoch 6, Batch 300, [0.009212/55.861196]
[144.0, 146.0, 167.0, 162.0, 262.0, 162.0, 142.0, 130.0, 168.0, 189.0, 151.0, 154.0, 145.0, 153.0, 156.0, 186.0, 162.0, 156.0, 155.0, 147.0, 162.0, 144.0, 126.0, 154.0, 157.0, 146.0, 150.0, 147.0, 162.0, 152.0, 169.0, 154.0, 142.0, 135.0, 140.0, 149.0, 314.0, 156.0, 161.0, 143.0]
Epoch 6, Batch 350, [0.008783/55.588972]
[162.0, 156.0, 163.0, 188.0, 258.0, 142.0, 147.0, 154.0, 161.0, 162.0, 145.0, 145.0, 129.0, 146.0, 157.0, 163.0, 152.0, 145.0, 146.0, 169.0, 150.0, 155.0, 148.0, 161.0, 162.0, 170.0, 158.0, 152.0, 143.0, 124.0, 154.0, 159.0, 161.0, 149.0, 157.0, 160.0, 307.0, 144.0, 144.0, 152.0]
Epoch 7, Batch 50, [0.008501/55.097224]
[277.0, 245.0, 283.0, 272.0, 497.0, 270.0, 300.0, 248.0, 279.0, 241.0, 320.0, 279.0, 266.0, 280.0, 289.0, 252.0, 294.0, 304.0, 278.0, 284.0, 298.0, 293.0, 289.0, 258.0, 265.0, 288.0, 272.0, 281.0, 245.0, 258.0, 342.0, 287.0, 294.0, 265.0, 283.0, 256.0, 511.0, 308.0, 273.0, 276.0]
Epoch 7, Batch 100, [0.008360/54.829163]
[127.0, 151.0, 178.0, 164.0, 253.0, 176.0, 157.0, 145.0, 162.0, 143.0, 157.0, 149.0, 157.0, 160.0, 136.0, 142.0, 144.0, 141.0, 146.0, 153.0, 160.0, 158.0, 161.0, 186.0, 140.0, 153.0, 134.0, 144.0, 162.0, 165.0, 179.0, 169.0, 161.0, 171.0, 158.0, 141.0, 283.0, 149.0, 135.0, 150.0]
Epoch 7, Batch 150, [0.007963/54.562609]
[156.0, 163.0, 138.0, 172.0, 264.0, 170.0, 148.0, 148.0, 138.0, 166.0, 147.0, 171.0, 167.0, 173.0, 163.0, 147.0, 144.0, 134.0, 148.0, 156.0, 138.0, 136.0, 166.0, 126.0, 161.0, 177.0, 126.0, 160.0, 160.0, 157.0, 172.0, 145.0, 150.0, 148.0, 143.0, 150.0, 320.0, 151.0, 160.0, 141.0]
Epoch 7, Batch 200, [0.007781/54.297451]
[178.0, 148.0, 155.0, 135.0, 261.0, 175.0, 154.0, 167.0, 155.0, 140.0, 162.0, 165.0, 164.0, 170.0, 147.0, 155.0, 139.0, 159.0, 138.0, 165.0, 126.0, 147.0, 139.0, 161.0, 163.0, 137.0, 139.0, 157.0, 152.0, 153.0, 162.0, 181.0, 142.0, 163.0, 163.0, 153.0, 293.0, 145.0, 141.0, 151.0]
Epoch 7, Batch 250, [0.007699/54.033773]
[155.0, 179.0, 167.0, 171.0, 262.0, 158.0, 169.0, 172.0, 136.0, 168.0, 124.0, 144.0, 136.0, 159.0, 160.0, 144.0, 155.0, 144.0, 170.0, 138.0, 136.0, 147.0, 167.0, 140.0, 159.0, 157.0, 165.0, 163.0, 155.0, 138.0, 145.0, 146.0, 142.0, 167.0, 142.0, 175.0, 287.0, 152.0, 146.0, 160.0]
Epoch 7, Batch 300, [0.007687/53.771635]
[116.0, 161.0, 159.0, 147.0, 248.0, 142.0, 165.0, 122.0, 135.0, 153.0, 161.0, 150.0, 132.0, 142.0, 154.0, 150.0, 146.0, 139.0, 162.0, 177.0, 151.0, 162.0, 180.0, 155.0, 162.0, 173.0, 149.0, 145.0, 164.0, 153.0, 171.0, 145.0, 156.0, 138.0, 159.0, 181.0, 307.0, 171.0, 161.0, 156.0]
Epoch 7, Batch 350, [0.007347/53.510936]
[139.0, 139.0, 150.0, 158.0, 252.0, 157.0, 146.0, 157.0, 146.0, 157.0, 149.0, 156.0, 151.0, 162.0, 146.0, 138.0, 159.0, 180.0, 158.0, 149.0, 154.0, 169.0, 141.0, 157.0, 152.0, 161.0, 159.0, 156.0, 136.0, 151.0, 174.0, 149.0, 150.0, 151.0, 147.0, 157.0, 304.0, 160.0, 163.0, 160.0]
Epoch 8, Batch 50, [0.007514/53.040130]
[300.0, 289.0, 276.0, 271.0, 510.0, 290.0, 288.0, 267.0, 295.0, 257.0, 292.0, 268.0, 267.0, 277.0, 271.0, 288.0, 278.0, 244.0, 248.0, 271.0, 285.0, 268.0, 278.0, 312.0, 270.0, 269.0, 312.0, 272.0, 270.0, 277.0, 296.0, 299.0, 256.0, 257.0, 293.0, 277.0, 532.0, 276.0, 271.0, 283.0]
Epoch 8, Batch 100, [0.007211/52.783591]
[165.0, 162.0, 135.0, 155.0, 313.0, 158.0, 156.0, 152.0, 155.0, 147.0, 145.0, 152.0, 136.0, 146.0, 151.0, 167.0, 158.0, 154.0, 143.0, 153.0, 163.0, 159.0, 168.0, 163.0, 145.0, 165.0, 152.0, 155.0, 157.0, 157.0, 169.0, 144.0, 153.0, 132.0, 134.0, 142.0, 316.0, 151.0, 125.0, 147.0]
Epoch 8, Batch 150, [0.007178/52.528282]
[156.0, 153.0, 151.0, 147.0, 267.0, 164.0, 166.0, 173.0, 160.0, 150.0, 152.0, 149.0, 136.0, 163.0, 145.0, 148.0, 157.0, 162.0, 163.0, 145.0, 149.0, 157.0, 171.0, 158.0, 159.0, 136.0, 159.0, 151.0, 147.0, 156.0, 172.0, 143.0, 160.0, 127.0, 160.0, 149.0, 270.0, 164.0, 158.0, 147.0]
Epoch 8, Batch 200, [0.007029/52.274442]
[148.0, 150.0, 161.0, 178.0, 288.0, 150.0, 144.0, 172.0, 164.0, 147.0, 154.0, 159.0, 138.0, 166.0, 136.0, 153.0, 166.0, 138.0, 166.0, 158.0, 166.0, 158.0, 150.0, 164.0, 154.0, 142.0, 144.0, 166.0, 148.0, 139.0, 146.0, 153.0, 145.0, 167.0, 149.0, 135.0, 283.0, 151.0, 146.0, 158.0]
Epoch 8, Batch 250, [0.007159/52.022018]
[154.0, 159.0, 142.0, 171.0, 320.0, 142.0, 127.0, 166.0, 172.0, 140.0, 165.0, 155.0, 177.0, 159.0, 133.0, 151.0, 177.0, 123.0, 155.0, 134.0, 168.0, 160.0, 156.0, 137.0, 150.0, 154.0, 149.0, 150.0, 154.0, 121.0, 161.0, 151.0, 144.0, 162.0, 153.0, 174.0, 270.0, 172.0, 150.0, 142.0]
Epoch 8, Batch 300, [0.007177/51.771032]
[151.0, 150.0, 156.0, 163.0, 314.0, 155.0, 145.0, 164.0, 153.0, 151.0, 160.0, 146.0, 154.0, 159.0, 181.0, 157.0, 138.0, 156.0, 148.0, 165.0, 136.0, 132.0, 166.0, 132.0, 154.0, 150.0, 152.0, 146.0, 165.0, 127.0, 156.0, 149.0, 155.0, 167.0, 149.0, 162.0, 270.0, 148.0, 168.0, 150.0]
Epoch 8, Batch 350, [0.007145/51.521374]
[125.0, 136.0, 157.0, 172.0, 270.0, 132.0, 168.0, 155.0, 167.0, 180.0, 140.0, 157.0, 151.0, 148.0, 161.0, 149.0, 147.0, 174.0, 147.0, 158.0, 144.0, 158.0, 169.0, 138.0, 143.0, 157.0, 156.0, 147.0, 154.0, 161.0, 169.0, 174.0, 133.0, 138.0, 159.0, 158.0, 300.0, 152.0, 158.0, 138.0]
Epoch 9, Batch 50, [0.006839/51.070631]
[288.0, 274.0, 274.0, 268.0, 506.0, 276.0, 261.0, 277.0, 292.0, 277.0, 285.0, 280.0, 235.0, 265.0, 288.0, 264.0, 295.0, 292.0, 290.0, 272.0, 264.0, 258.0, 279.0, 276.0, 313.0, 279.0, 287.0, 281.0, 289.0, 266.0, 290.0, 258.0, 275.0, 283.0, 273.0, 261.0, 552.0, 265.0, 286.0, 306.0]
Epoch 9, Batch 100, [0.006957/50.824913]
[157.0, 174.0, 148.0, 143.0, 267.0, 151.0, 152.0, 146.0, 158.0, 177.0, 152.0, 155.0, 148.0, 137.0, 164.0, 176.0, 138.0, 153.0, 164.0, 156.0, 136.0, 139.0, 175.0, 157.0, 151.0, 146.0, 157.0, 155.0, 172.0, 167.0, 139.0, 171.0, 141.0, 136.0, 136.0, 142.0, 307.0, 129.0, 176.0, 152.0]
Epoch 9, Batch 150, [0.006325/50.580474]
[149.0, 165.0, 171.0, 165.0, 244.0, 162.0, 136.0, 159.0, 158.0, 170.0, 164.0, 149.0, 154.0, 148.0, 164.0, 134.0, 142.0, 168.0, 162.0, 129.0, 143.0, 138.0, 154.0, 186.0, 155.0, 138.0, 148.0, 157.0, 158.0, 172.0, 146.0, 129.0, 165.0, 164.0, 152.0, 156.0, 277.0, 153.0, 148.0, 168.0]
Epoch 9, Batch 200, [0.006348/50.337407]
[152.0, 179.0, 153.0, 150.0, 254.0, 146.0, 146.0, 157.0, 161.0, 153.0, 178.0, 155.0, 158.0, 138.0, 151.0, 171.0, 163.0, 156.0, 168.0, 178.0, 134.0, 163.0, 169.0, 145.0, 148.0, 144.0, 150.0, 139.0, 157.0, 147.0, 162.0, 160.0, 146.0, 131.0, 152.0, 153.0, 289.0, 161.0, 124.0, 159.0]
Epoch 9, Batch 250, [0.006531/50.095783]
[152.0, 147.0, 164.0, 148.0, 295.0, 167.0, 161.0, 150.0, 164.0, 157.0, 163.0, 148.0, 177.0, 157.0, 153.0, 145.0, 153.0, 141.0, 170.0, 171.0, 146.0, 144.0, 127.0, 148.0, 160.0, 151.0, 152.0, 147.0, 118.0, 132.0, 163.0, 158.0, 146.0, 142.0, 132.0, 161.0, 306.0, 169.0, 162.0, 153.0]
Epoch 9, Batch 300, [0.006067/49.855451]
[148.0, 146.0, 150.0, 152.0, 244.0, 156.0, 147.0, 169.0, 157.0, 154.0, 164.0, 134.0, 135.0, 165.0, 164.0, 149.0, 136.0, 142.0, 148.0, 153.0, 166.0, 155.0, 164.0, 155.0, 167.0, 171.0, 160.0, 162.0, 184.0, 142.0, 138.0, 156.0, 154.0, 146.0, 152.0, 165.0, 286.0, 158.0, 162.0, 144.0]
Epoch 9, Batch 350, [0.006609/49.616457]
[160.0, 136.0, 149.0, 158.0, 271.0, 164.0, 172.0, 164.0, 156.0, 166.0, 156.0, 166.0, 155.0, 139.0, 166.0, 133.0, 151.0, 134.0, 151.0, 163.0, 165.0, 172.0, 167.0, 130.0, 151.0, 157.0, 153.0, 135.0, 153.0, 145.0, 147.0, 142.0, 135.0, 162.0, 149.0, 174.0, 288.0, 161.0, 149.0, 155.0]
Epoch 10, Batch 50, [0.006251/49.184779]
[286.0, 252.0, 299.0, 267.0, 477.0, 279.0, 280.0, 267.0, 284.0, 256.0, 263.0, 296.0, 302.0, 295.0, 250.0, 290.0, 261.0, 262.0, 318.0, 303.0, 320.0, 266.0, 280.0, 291.0, 284.0, 301.0, 269.0, 288.0, 258.0, 300.0, 274.0, 285.0, 274.0, 276.0, 305.0, 262.0, 496.0, 275.0, 273.0, 236.0]
Epoch 10, Batch 100, [0.006055/48.949739]
[133.0, 136.0, 159.0, 150.0, 294.0, 139.0, 138.0, 178.0, 139.0, 157.0, 148.0, 144.0, 180.0, 150.0, 134.0, 164.0, 142.0, 132.0, 167.0, 155.0, 178.0, 165.0, 143.0, 134.0, 159.0, 142.0, 165.0, 168.0, 162.0, 158.0, 151.0, 119.0, 149.0, 162.0, 141.0, 155.0, 309.0, 169.0, 155.0, 177.0]
Epoch 10, Batch 150, [0.005992/48.715740]
[154.0, 176.0, 164.0, 164.0, 267.0, 155.0, 165.0, 138.0, 148.0, 140.0, 151.0, 152.0, 141.0, 158.0, 155.0, 152.0, 132.0, 174.0, 144.0, 158.0, 168.0, 156.0, 171.0, 144.0, 161.0, 145.0, 158.0, 146.0, 150.0, 128.0, 141.0, 173.0, 143.0, 142.0, 148.0, 168.0, 269.0, 170.0, 165.0, 166.0]
Epoch 10, Batch 200, [0.006090/48.483248]
[152.0, 146.0, 135.0, 162.0, 264.0, 139.0, 139.0, 125.0, 158.0, 152.0, 141.0, 172.0, 139.0, 165.0, 145.0, 147.0, 149.0, 135.0, 152.0, 149.0, 161.0, 170.0, 169.0, 148.0, 150.0, 168.0, 162.0, 149.0, 147.0, 158.0, 161.0, 143.0, 167.0, 174.0, 159.0, 166.0, 300.0, 182.0, 154.0, 146.0]
Epoch 10, Batch 250, [0.005931/48.252086]
[140.0, 166.0, 146.0, 169.0, 315.0, 167.0, 144.0, 138.0, 126.0, 170.0, 154.0, 146.0, 162.0, 153.0, 143.0, 151.0, 152.0, 136.0, 154.0, 151.0, 143.0, 140.0, 153.0, 171.0, 169.0, 161.0, 135.0, 155.0, 165.0, 144.0, 181.0, 152.0, 143.0, 164.0, 144.0, 155.0, 289.0, 156.0, 161.0, 136.0]
Epoch 10, Batch 300, [0.005839/48.022228]
[158.0, 157.0, 131.0, 145.0, 283.0, 176.0, 148.0, 144.0, 163.0, 146.0, 163.0, 132.0, 167.0, 186.0, 156.0, 158.0, 143.0, 160.0, 144.0, 145.0, 144.0, 153.0, 152.0, 158.0, 131.0, 159.0, 151.0, 143.0, 172.0, 156.0, 163.0, 152.0, 159.0, 140.0, 147.0, 148.0, 287.0, 150.0, 170.0, 160.0]
Epoch 10, Batch 350, [0.005796/47.793610]
[162.0, 156.0, 166.0, 165.0, 263.0, 150.0, 144.0, 124.0, 166.0, 136.0, 154.0, 135.0, 154.0, 147.0, 157.0, 133.0, 149.0, 136.0, 158.0, 161.0, 157.0, 169.0, 148.0, 140.0, 165.0, 176.0, 155.0, 165.0, 145.0, 162.0, 175.0, 146.0, 155.0, 146.0, 164.0, 154.0, 286.0, 171.0, 155.0, 150.0]
Epoch 11, Batch 50, [0.005714/47.380778]
[254.0, 279.0, 281.0, 275.0, 519.0, 267.0, 297.0, 281.0, 299.0, 257.0, 266.0, 266.0, 276.0, 278.0, 303.0, 256.0, 270.0, 256.0, 243.0, 274.0, 261.0, 246.0, 320.0, 273.0, 306.0, 285.0, 303.0, 260.0, 268.0, 295.0, 300.0, 265.0, 286.0, 291.0, 289.0, 271.0, 521.0, 307.0, 287.0, 269.0]
Epoch 11, Batch 100, [0.006092/47.155766]
[134.0, 149.0, 143.0, 143.0, 271.0, 147.0, 137.0, 135.0, 142.0, 140.0, 171.0, 166.0, 158.0, 167.0, 171.0, 128.0, 154.0, 153.0, 146.0, 158.0, 159.0, 152.0, 179.0, 160.0, 142.0, 152.0, 160.0, 158.0, 164.0, 146.0, 133.0, 171.0, 149.0, 192.0, 160.0, 180.0, 300.0, 136.0, 153.0, 141.0]
Epoch 11, Batch 150, [0.007076/46.932045]
[151.0, 165.0, 152.0, 131.0, 255.0, 159.0, 177.0, 161.0, 162.0, 154.0, 143.0, 141.0, 140.0, 147.0, 129.0, 159.0, 137.0, 149.0, 164.0, 148.0, 171.0, 144.0, 151.0, 166.0, 155.0, 154.0, 147.0, 148.0, 153.0, 163.0, 178.0, 148.0, 152.0, 157.0, 164.0, 141.0, 309.0, 156.0, 146.0, 173.0]
Epoch 11, Batch 200, [0.007047/46.709592]
[168.0, 151.0, 151.0, 140.0, 329.0, 149.0, 148.0, 159.0, 167.0, 140.0, 139.0, 148.0, 164.0, 169.0, 136.0, 147.0, 170.0, 143.0, 153.0, 162.0, 154.0, 152.0, 165.0, 147.0, 154.0, 163.0, 142.0, 169.0, 157.0, 144.0, 157.0, 149.0, 157.0, 141.0, 137.0, 169.0, 247.0, 143.0, 168.0, 152.0]
Epoch 11, Batch 250, [0.006236/46.488410]
[164.0, 168.0, 120.0, 150.0, 279.0, 144.0, 129.0, 165.0, 151.0, 161.0, 161.0, 164.0, 180.0, 153.0, 138.0, 157.0, 142.0, 157.0, 161.0, 139.0, 151.0, 153.0, 161.0, 144.0, 170.0, 142.0, 137.0, 147.0, 154.0, 157.0, 164.0, 177.0, 142.0, 145.0, 185.0, 141.0, 281.0, 139.0, 172.0, 155.0]
Epoch 11, Batch 300, [0.005525/46.268475]
[164.0, 163.0, 191.0, 166.0, 274.0, 151.0, 176.0, 149.0, 159.0, 161.0, 145.0, 144.0, 140.0, 139.0, 157.0, 137.0, 187.0, 172.0, 150.0, 168.0, 153.0, 160.0, 150.0, 150.0, 148.0, 149.0, 145.0, 127.0, 160.0, 159.0, 155.0, 126.0, 154.0, 150.0, 150.0, 141.0, 305.0, 142.0, 143.0, 140.0]
Epoch 11, Batch 350, [0.005814/46.049865]
[151.0, 159.0, 156.0, 149.0, 264.0, 142.0, 154.0, 183.0, 146.0, 147.0, 174.0, 142.0, 154.0, 158.0, 171.0, 165.0, 150.0, 150.0, 141.0, 171.0, 155.0, 157.0, 152.0, 129.0, 155.0, 157.0, 146.0, 157.0, 137.0, 145.0, 147.0, 147.0, 146.0, 140.0, 164.0, 162.0, 315.0, 149.0, 150.0, 163.0]
Epoch 12, Batch 50, [0.005863/45.654962]
[275.0, 285.0, 286.0, 308.0, 500.0, 267.0, 283.0, 259.0, 259.0, 256.0, 278.0, 294.0, 245.0, 291.0, 256.0, 317.0, 262.0, 269.0, 241.0, 280.0, 269.0, 269.0, 281.0, 294.0, 298.0, 287.0, 279.0, 298.0, 302.0, 290.0, 288.0, 261.0, 285.0, 278.0, 288.0, 263.0, 530.0, 261.0, 293.0, 275.0]
Epoch 12, Batch 100, [0.007250/45.439759]
[150.0, 128.0, 142.0, 156.0, 247.0, 145.0, 129.0, 154.0, 160.0, 171.0, 146.0, 182.0, 141.0, 171.0, 166.0, 147.0, 149.0, 141.0, 149.0, 144.0, 175.0, 147.0, 171.0, 159.0, 154.0, 170.0, 144.0, 157.0, 156.0, 149.0, 155.0, 179.0, 150.0, 158.0, 174.0, 149.0, 285.0, 163.0, 154.0, 133.0]
Epoch 12, Batch 150, [0.006331/45.225727]
[148.0, 156.0, 151.0, 172.0, 278.0, 160.0, 165.0, 170.0, 139.0, 152.0, 135.0, 171.0, 146.0, 133.0, 161.0, 177.0, 143.0, 172.0, 149.0, 158.0, 144.0, 148.0, 158.0, 157.0, 148.0, 139.0, 152.0, 166.0, 143.0, 160.0, 140.0, 162.0, 142.0, 142.0, 170.0, 146.0, 289.0, 144.0, 151.0, 163.0]
Epoch 12, Batch 200, [0.005548/45.012885]
[158.0, 130.0, 186.0, 172.0, 256.0, 150.0, 149.0, 163.0, 160.0, 164.0, 141.0, 166.0, 159.0, 149.0, 145.0, 155.0, 155.0, 166.0, 149.0, 141.0, 156.0, 153.0, 132.0, 145.0, 158.0, 147.0, 174.0, 168.0, 168.0, 173.0, 153.0, 175.0, 141.0, 144.0, 164.0, 146.0, 263.0, 144.0, 140.0, 142.0]
Epoch 12, Batch 250, [0.005334/44.801355]
[167.0, 148.0, 164.0, 146.0, 244.0, 156.0, 151.0, 159.0, 148.0, 157.0, 153.0, 153.0, 154.0, 154.0, 150.0, 147.0, 159.0, 146.0, 154.0, 145.0, 157.0, 155.0, 152.0, 163.0, 146.0, 158.0, 160.0, 159.0, 159.0, 143.0, 152.0, 149.0, 160.0, 143.0, 149.0, 163.0, 305.0, 147.0, 145.0, 180.0]
Epoch 12, Batch 300, [0.006164/44.591003]
[158.0, 166.0, 150.0, 142.0, 285.0, 171.0, 164.0, 137.0, 158.0, 148.0, 152.0, 142.0, 167.0, 129.0, 141.0, 147.0, 145.0, 149.0, 171.0, 174.0, 163.0, 148.0, 157.0, 156.0, 158.0, 141.0, 172.0, 166.0, 131.0, 168.0, 156.0, 146.0, 150.0, 138.0, 156.0, 157.0, 277.0, 153.0, 160.0, 151.0]
Epoch 12, Batch 350, [0.006113/44.381918]
[154.0, 179.0, 150.0, 118.0, 331.0, 159.0, 153.0, 129.0, 161.0, 158.0, 166.0, 147.0, 147.0, 156.0, 159.0, 156.0, 160.0, 160.0, 147.0, 169.0, 153.0, 143.0, 161.0, 154.0, 157.0, 173.0, 150.0, 146.0, 170.0, 172.0, 164.0, 142.0, 149.0, 129.0, 132.0, 133.0, 289.0, 132.0, 149.0, 143.0]
Epoch 13, Batch 50, [0.005149/44.004416]
[295.0, 260.0, 271.0, 276.0, 550.0, 286.0, 273.0, 269.0, 295.0, 271.0, 253.0, 304.0, 260.0, 289.0, 261.0, 272.0, 261.0, 331.0, 258.0, 266.0, 278.0, 297.0, 265.0, 278.0, 260.0, 283.0, 309.0, 285.0, 256.0, 299.0, 280.0, 273.0, 285.0, 256.0, 273.0, 272.0, 538.0, 258.0, 261.0, 293.0]
Epoch 13, Batch 100, [0.005342/43.798788]
[144.0, 151.0, 172.0, 176.0, 309.0, 145.0, 144.0, 149.0, 145.0, 124.0, 165.0, 146.0, 138.0, 157.0, 155.0, 158.0, 141.0, 151.0, 139.0, 166.0, 140.0, 136.0, 174.0, 165.0, 159.0, 154.0, 154.0, 159.0, 170.0, 153.0, 151.0, 183.0, 173.0, 152.0, 135.0, 150.0, 294.0, 147.0, 139.0, 137.0]
Epoch 13, Batch 150, [0.006878/43.594200]
[160.0, 156.0, 156.0, 141.0, 275.0, 144.0, 166.0, 146.0, 140.0, 143.0, 134.0, 160.0, 158.0, 162.0, 166.0, 155.0, 141.0, 134.0, 169.0, 144.0, 158.0, 161.0, 168.0, 157.0, 144.0, 161.0, 160.0, 146.0, 146.0, 144.0, 146.0, 178.0, 142.0, 140.0, 181.0, 169.0, 278.0, 139.0, 175.0, 157.0]
Epoch 13, Batch 200, [0.007168/43.391039]
[157.0, 181.0, 144.0, 129.0, 290.0, 146.0, 145.0, 138.0, 145.0, 145.0, 125.0, 161.0, 181.0, 153.0, 135.0, 155.0, 150.0, 164.0, 173.0, 150.0, 157.0, 153.0, 168.0, 153.0, 138.0, 146.0, 153.0, 162.0, 168.0, 181.0, 146.0, 150.0, 150.0, 130.0, 156.0, 166.0, 310.0, 153.0, 150.0, 143.0]
Epoch 13, Batch 250, [0.005391/43.188956]
[167.0, 145.0, 164.0, 154.0, 246.0, 162.0, 132.0, 163.0, 155.0, 160.0, 157.0, 149.0, 186.0, 147.0, 156.0, 150.0, 150.0, 143.0, 137.0, 148.0, 157.0, 144.0, 163.0, 130.0, 163.0, 168.0, 156.0, 160.0, 147.0, 156.0, 148.0, 130.0, 169.0, 150.0, 160.0, 175.0, 314.0, 145.0, 135.0, 159.0]
Epoch 13, Batch 300, [0.005076/42.988032]
[156.0, 144.0, 164.0, 170.0, 277.0, 151.0, 140.0, 157.0, 144.0, 157.0, 175.0, 161.0, 179.0, 144.0, 150.0, 152.0, 130.0, 177.0, 162.0, 146.0, 144.0, 157.0, 155.0, 159.0, 162.0, 146.0, 137.0, 164.0, 143.0, 129.0, 144.0, 187.0, 155.0, 129.0, 129.0, 166.0, 307.0, 152.0, 153.0, 146.0]
Epoch 13, Batch 350, [0.005755/42.788218]
[136.0, 154.0, 142.0, 144.0, 293.0, 150.0, 158.0, 166.0, 139.0, 170.0, 142.0, 144.0, 166.0, 157.0, 153.0, 142.0, 157.0, 159.0, 144.0, 140.0, 124.0, 164.0, 150.0, 163.0, 171.0, 182.0, 156.0, 151.0, 148.0, 157.0, 158.0, 153.0, 153.0, 169.0, 167.0, 145.0, 268.0, 158.0, 162.0, 145.0]
Epoch 14, Batch 50, [0.005715/42.427361]
[264.0, 291.0, 262.0, 267.0, 543.0, 288.0, 307.0, 294.0, 290.0, 250.0, 278.0, 309.0, 268.0, 245.0, 278.0, 274.0, 286.0, 276.0, 262.0, 318.0, 273.0, 282.0, 269.0, 264.0, 286.0, 275.0, 267.0, 256.0, 272.0, 284.0, 258.0, 290.0, 248.0, 310.0, 276.0, 236.0, 526.0, 282.0, 294.0, 302.0]
Epoch 14, Batch 100, [0.005763/42.230911]
[164.0, 130.0, 142.0, 155.0, 282.0, 175.0, 147.0, 157.0, 150.0, 157.0, 164.0, 172.0, 136.0, 141.0, 135.0, 162.0, 132.0, 156.0, 148.0, 137.0, 163.0, 159.0, 140.0, 155.0, 152.0, 125.0, 140.0, 163.0, 165.0, 152.0, 153.0, 152.0, 145.0, 163.0, 148.0, 148.0, 334.0, 174.0, 158.0, 169.0]
Epoch 14, Batch 150, [0.005678/42.035423]
[141.0, 167.0, 179.0, 141.0, 239.0, 164.0, 151.0, 165.0, 145.0, 152.0, 135.0, 139.0, 161.0, 148.0, 162.0, 149.0, 150.0, 139.0, 146.0, 179.0, 163.0, 175.0, 151.0, 149.0, 167.0, 157.0, 152.0, 127.0, 159.0, 145.0, 155.0, 138.0, 154.0, 150.0, 152.0, 151.0, 301.0, 174.0, 164.0, 164.0]
Epoch 14, Batch 200, [0.005081/41.841223]
[152.0, 175.0, 164.0, 152.0, 263.0, 155.0, 167.0, 161.0, 135.0, 147.0, 155.0, 153.0, 143.0, 179.0, 138.0, 154.0, 141.0, 153.0, 137.0, 147.0, 144.0, 140.0, 148.0, 153.0, 147.0, 157.0, 146.0, 165.0, 145.0, 162.0, 156.0, 138.0, 168.0, 177.0, 145.0, 151.0, 291.0, 150.0, 200.0, 146.0]
Epoch 14, Batch 250, [0.011055/41.648164]
[135.0, 163.0, 158.0, 182.0, 265.0, 164.0, 150.0, 157.0, 149.0, 152.0, 155.0, 133.0, 160.0, 149.0, 154.0, 141.0, 134.0, 147.0, 158.0, 150.0, 138.0, 161.0, 136.0, 138.0, 139.0, 143.0, 157.0, 179.0, 172.0, 158.0, 157.0, 154.0, 167.0, 154.0, 142.0, 157.0, 295.0, 149.0, 169.0, 179.0]
Epoch 14, Batch 300, [0.005015/41.456172]
[150.0, 160.0, 132.0, 156.0, 266.0, 154.0, 153.0, 155.0, 134.0, 136.0, 152.0, 167.0, 157.0, 155.0, 171.0, 147.0, 153.0, 138.0, 162.0, 178.0, 139.0, 160.0, 151.0, 164.0, 142.0, 164.0, 155.0, 146.0, 166.0, 159.0, 176.0, 162.0, 152.0, 145.0, 133.0, 145.0, 286.0, 179.0, 163.0, 137.0]
Epoch 14, Batch 350, [0.006221/41.265302]
[178.0, 159.0, 177.0, 138.0, 268.0, 133.0, 174.0, 148.0, 134.0, 152.0, 163.0, 172.0, 149.0, 159.0, 168.0, 142.0, 132.0, 144.0, 163.0, 139.0, 147.0, 161.0, 157.0, 144.0, 149.0, 173.0, 172.0, 163.0, 151.0, 144.0, 177.0, 135.0, 149.0, 147.0, 152.0, 138.0, 296.0, 145.0, 162.0, 146.0]
Epoch 15, Batch 50, [0.005338/40.920664]
[274.0, 267.0, 273.0, 272.0, 482.0, 271.0, 273.0, 261.0, 292.0, 285.0, 287.0, 258.0, 268.0, 270.0, 299.0, 290.0, 274.0, 294.0, 281.0, 291.0, 288.0, 275.0, 258.0, 262.0, 270.0, 306.0, 290.0, 279.0, 283.0, 283.0, 291.0, 303.0, 262.0, 274.0, 276.0, 254.0, 508.0, 303.0, 279.0, 294.0]
Epoch 15, Batch 100, [0.006885/40.732984]
[150.0, 157.0, 151.0, 141.0, 281.0, 162.0, 153.0, 143.0, 144.0, 166.0, 161.0, 172.0, 150.0, 141.0, 164.0, 143.0, 147.0, 152.0, 152.0, 160.0, 160.0, 129.0, 159.0, 146.0, 145.0, 155.0, 168.0, 151.0, 166.0, 142.0, 198.0, 147.0, 150.0, 150.0, 141.0, 161.0, 275.0, 165.0, 128.0, 174.0]
Epoch 15, Batch 150, [0.005426/40.546394]
[168.0, 160.0, 128.0, 164.0, 268.0, 174.0, 191.0, 158.0, 160.0, 167.0, 173.0, 146.0, 163.0, 151.0, 145.0, 162.0, 159.0, 153.0, 157.0, 133.0, 174.0, 157.0, 152.0, 119.0, 153.0, 121.0, 134.0, 167.0, 154.0, 157.0, 153.0, 137.0, 167.0, 145.0, 151.0, 152.0, 287.0, 154.0, 135.0, 151.0]
Epoch 15, Batch 200, [0.005091/40.360908]
[155.0, 142.0, 145.0, 120.0, 280.0, 138.0, 138.0, 175.0, 165.0, 165.0, 166.0, 166.0, 140.0, 143.0, 143.0, 140.0, 165.0, 165.0, 159.0, 146.0, 175.0, 163.0, 165.0, 152.0, 142.0, 146.0, 147.0, 173.0, 136.0, 147.0, 174.0, 156.0, 165.0, 153.0, 157.0, 155.0, 258.0, 153.0, 157.0, 170.0]
Epoch 15, Batch 250, [0.005978/40.176716]
[122.0, 158.0, 142.0, 158.0, 285.0, 153.0, 167.0, 142.0, 154.0, 170.0, 171.0, 168.0, 148.0, 149.0, 151.0, 169.0, 150.0, 139.0, 134.0, 135.0, 141.0, 156.0, 149.0, 142.0, 156.0, 155.0, 157.0, 148.0, 142.0, 150.0, 158.0, 175.0, 158.0, 154.0, 166.0, 138.0, 312.0, 156.0, 162.0, 160.0]
Epoch 15, Batch 300, [0.005211/39.993514]
[163.0, 165.0, 157.0, 137.0, 273.0, 147.0, 149.0, 157.0, 143.0, 160.0, 169.0, 160.0, 160.0, 163.0, 173.0, 162.0, 151.0, 166.0, 149.0, 151.0, 151.0, 138.0, 139.0, 158.0, 133.0, 149.0, 155.0, 153.0, 146.0, 143.0, 175.0, 131.0, 156.0, 154.0, 162.0, 180.0, 279.0, 163.0, 134.0, 146.0]
Epoch 15, Batch 350, [0.005715/39.811539]
[145.0, 179.0, 172.0, 152.0, 291.0, 146.0, 157.0, 148.0, 156.0, 180.0, 152.0, 147.0, 161.0, 184.0, 141.0, 142.0, 155.0, 135.0, 148.0, 142.0, 136.0, 144.0, 167.0, 141.0, 156.0, 135.0, 164.0, 172.0, 157.0, 154.0, 165.0, 146.0, 151.0, 145.0, 151.0, 147.0, 291.0, 151.0, 147.0, 147.0]
Epoch 16, Batch 50, [0.006328/39.482758]
[286.0, 270.0, 272.0, 264.0, 479.0, 301.0, 256.0, 317.0, 283.0, 274.0, 280.0, 279.0, 294.0, 278.0, 289.0, 261.0, 299.0, 299.0, 272.0, 281.0, 301.0, 258.0, 286.0, 275.0, 259.0, 278.0, 276.0, 271.0, 277.0, 291.0, 290.0, 230.0, 262.0, 287.0, 282.0, 268.0, 554.0, 262.0, 266.0, 293.0]
Epoch 16, Batch 100, [0.004760/39.303933]
[152.0, 169.0, 158.0, 161.0, 296.0, 146.0, 165.0, 147.0, 152.0, 162.0, 146.0, 169.0, 150.0, 144.0, 162.0, 180.0, 141.0, 138.0, 151.0, 150.0, 147.0, 147.0, 159.0, 146.0, 139.0, 161.0, 163.0, 151.0, 161.0, 137.0, 144.0, 171.0, 127.0, 133.0, 142.0, 143.0, 306.0, 161.0, 158.0, 165.0]
Epoch 16, Batch 150, [0.005358/39.125983]
[141.0, 135.0, 174.0, 156.0, 271.0, 168.0, 156.0, 131.0, 161.0, 165.0, 154.0, 151.0, 161.0, 149.0, 160.0, 141.0, 181.0, 169.0, 155.0, 141.0, 138.0, 159.0, 145.0, 139.0, 163.0, 154.0, 156.0, 132.0, 141.0, 146.0, 157.0, 170.0, 150.0, 160.0, 159.0, 151.0, 285.0, 147.0, 159.0, 169.0]
Epoch 16, Batch 200, [0.004938/38.949077]
[151.0, 169.0, 150.0, 132.0, 272.0, 138.0, 159.0, 150.0, 163.0, 156.0, 152.0, 140.0, 172.0, 162.0, 159.0, 142.0, 145.0, 158.0, 145.0, 187.0, 153.0, 142.0, 170.0, 167.0, 148.0, 162.0, 172.0, 152.0, 152.0, 161.0, 148.0, 143.0, 148.0, 129.0, 166.0, 163.0, 278.0, 159.0, 143.0, 142.0]
Epoch 16, Batch 250, [0.005217/38.773280]
[151.0, 170.0, 168.0, 149.0, 283.0, 153.0, 161.0, 143.0, 136.0, 155.0, 138.0, 164.0, 154.0, 157.0, 152.0, 147.0, 165.0, 142.0, 150.0, 155.0, 160.0, 160.0, 171.0, 178.0, 164.0, 139.0, 175.0, 130.0, 123.0, 153.0, 182.0, 149.0, 132.0, 154.0, 154.0, 130.0, 274.0, 144.0, 160.0, 175.0]
Epoch 16, Batch 300, [0.004559/38.598519]
[148.0, 162.0, 150.0, 128.0, 260.0, 159.0, 138.0, 149.0, 150.0, 162.0, 147.0, 143.0, 164.0, 171.0, 161.0, 133.0, 178.0, 168.0, 151.0, 137.0, 145.0, 135.0, 153.0, 166.0, 156.0, 164.0, 174.0, 155.0, 170.0, 146.0, 145.0, 149.0, 154.0, 156.0, 144.0, 161.0, 311.0, 149.0, 155.0, 153.0]
Epoch 16, Batch 350, [0.004699/38.425014]
[152.0, 153.0, 134.0, 159.0, 295.0, 139.0, 172.0, 156.0, 153.0, 152.0, 162.0, 145.0, 149.0, 133.0, 164.0, 149.0, 150.0, 151.0, 160.0, 165.0, 148.0, 150.0, 161.0, 177.0, 129.0, 156.0, 175.0, 171.0, 151.0, 151.0, 165.0, 160.0, 140.0, 128.0, 123.0, 165.0, 314.0, 136.0, 168.0, 140.0]
Epoch 17, Batch 50, [0.005523/38.111514]
[274.0, 318.0, 256.0, 290.0, 489.0, 286.0, 297.0, 278.0, 267.0, 256.0, 279.0, 271.0, 255.0, 288.0, 250.0, 289.0, 282.0, 304.0, 299.0, 267.0, 270.0, 254.0, 265.0, 286.0, 258.0, 272.0, 277.0, 266.0, 275.0, 279.0, 321.0, 267.0, 268.0, 302.0, 271.0, 291.0, 523.0, 264.0, 305.0, 291.0]
Epoch 17, Batch 100, [0.005407/37.940852]
[159.0, 162.0, 168.0, 156.0, 288.0, 147.0, 153.0, 155.0, 153.0, 147.0, 178.0, 171.0, 153.0, 131.0, 134.0, 157.0, 158.0, 151.0, 143.0, 157.0, 154.0, 136.0, 151.0, 163.0, 146.0, 144.0, 143.0, 145.0, 130.0, 172.0, 128.0, 151.0, 175.0, 161.0, 159.0, 152.0, 280.0, 142.0, 167.0, 180.0]
Epoch 17, Batch 150, [0.004814/37.771340]
[149.0, 169.0, 152.0, 150.0, 298.0, 157.0, 158.0, 150.0, 161.0, 134.0, 142.0, 171.0, 122.0, 147.0, 165.0, 167.0, 161.0, 133.0, 150.0, 160.0, 160.0, 173.0, 171.0, 151.0, 156.0, 147.0, 157.0, 159.0, 150.0, 154.0, 145.0, 146.0, 135.0, 177.0, 155.0, 142.0, 279.0, 135.0, 152.0, 160.0]
Epoch 17, Batch 200, [0.005709/37.602741]
[152.0, 158.0, 134.0, 145.0, 263.0, 156.0, 167.0, 134.0, 169.0, 172.0, 158.0, 167.0, 164.0, 145.0, 163.0, 159.0, 153.0, 143.0, 144.0, 152.0, 151.0, 134.0, 172.0, 152.0, 139.0, 143.0, 152.0, 148.0, 139.0, 128.0, 149.0, 140.0, 167.0, 189.0, 168.0, 179.0, 282.0, 172.0, 143.0, 155.0]
Epoch 17, Batch 250, [0.009127/37.435269]
[136.0, 155.0, 148.0, 136.0, 259.0, 150.0, 151.0, 171.0, 187.0, 144.0, 157.0, 150.0, 147.0, 156.0, 156.0, 130.0, 177.0, 146.0, 152.0, 151.0, 144.0, 166.0, 176.0, 163.0, 150.0, 161.0, 147.0, 165.0, 168.0, 155.0, 140.0, 159.0, 132.0, 159.0, 155.0, 161.0, 290.0, 136.0, 157.0, 157.0]
Epoch 17, Batch 300, [0.004968/37.268995]
[164.0, 148.0, 145.0, 162.0, 285.0, 177.0, 154.0, 132.0, 149.0, 145.0, 161.0, 139.0, 139.0, 162.0, 143.0, 137.0, 166.0, 152.0, 142.0, 161.0, 154.0, 139.0, 126.0, 156.0, 161.0, 156.0, 148.0, 149.0, 148.0, 157.0, 189.0, 174.0, 148.0, 138.0, 139.0, 156.0, 305.0, 167.0, 165.0, 162.0]
Epoch 17, Batch 350, [0.004686/37.103615]
[150.0, 144.0, 173.0, 141.0, 301.0, 157.0, 144.0, 157.0, 151.0, 158.0, 161.0, 172.0, 145.0, 162.0, 142.0, 144.0, 156.0, 165.0, 151.0, 166.0, 159.0, 134.0, 171.0, 159.0, 177.0, 146.0, 148.0, 148.0, 149.0, 155.0, 131.0, 162.0, 157.0, 160.0, 142.0, 143.0, 268.0, 144.0, 156.0, 151.0]
Epoch 18, Batch 50, [0.006279/36.805204]
[300.0, 281.0, 265.0, 280.0, 525.0, 287.0, 259.0, 294.0, 255.0, 280.0, 272.0, 260.0, 296.0, 254.0, 304.0, 291.0, 234.0, 276.0, 252.0, 284.0, 273.0, 271.0, 302.0, 284.0, 287.0, 259.0, 274.0, 279.0, 279.0, 270.0, 268.0, 259.0, 298.0, 283.0, 291.0, 271.0, 555.0, 281.0, 308.0, 259.0]
Epoch 18, Batch 100, [0.004306/36.642644]
[156.0, 150.0, 149.0, 155.0, 248.0, 156.0, 160.0, 138.0, 149.0, 163.0, 145.0, 151.0, 161.0, 171.0, 168.0, 149.0, 142.0, 145.0, 161.0, 157.0, 160.0, 156.0, 145.0, 160.0, 154.0, 153.0, 143.0, 159.0, 144.0, 150.0, 161.0, 142.0, 148.0, 154.0, 174.0, 163.0, 277.0, 155.0, 165.0, 163.0]
Epoch 18, Batch 150, [0.004726/36.481262]
[165.0, 142.0, 138.0, 153.0, 265.0, 161.0, 165.0, 173.0, 165.0, 149.0, 152.0, 161.0, 154.0, 156.0, 163.0, 152.0, 162.0, 132.0, 135.0, 157.0, 156.0, 142.0, 166.0, 137.0, 138.0, 144.0, 154.0, 173.0, 135.0, 176.0, 149.0, 161.0, 154.0, 141.0, 152.0, 149.0, 285.0, 153.0, 166.0, 169.0]
Epoch 18, Batch 200, [0.006574/36.320933]
[159.0, 151.0, 163.0, 155.0, 314.0, 152.0, 128.0, 161.0, 133.0, 161.0, 163.0, 159.0, 165.0, 143.0, 148.0, 159.0, 155.0, 155.0, 142.0, 160.0, 164.0, 151.0, 160.0, 152.0, 142.0, 174.0, 143.0, 145.0, 143.0, 122.0, 158.0, 152.0, 152.0, 169.0, 148.0, 155.0, 317.0, 141.0, 150.0, 136.0]
Epoch 18, Batch 250, [0.007503/36.161452]
[160.0, 152.0, 143.0, 161.0, 292.0, 145.0, 157.0, 161.0, 175.0, 179.0, 136.0, 131.0, 157.0, 160.0, 137.0, 154.0, 146.0, 139.0, 157.0, 154.0, 154.0, 142.0, 141.0, 149.0, 145.0, 138.0, 154.0, 164.0, 174.0, 166.0, 141.0, 143.0, 151.0, 143.0, 156.0, 135.0, 283.0, 177.0, 168.0, 180.0]
Epoch 18, Batch 300, [0.004934/36.003084]
[140.0, 179.0, 142.0, 144.0, 289.0, 146.0, 155.0, 162.0, 144.0, 147.0, 126.0, 130.0, 148.0, 174.0, 158.0, 163.0, 150.0, 156.0, 136.0, 150.0, 148.0, 165.0, 157.0, 163.0, 184.0, 175.0, 143.0, 154.0, 160.0, 134.0, 155.0, 140.0, 170.0, 142.0, 151.0, 161.0, 293.0, 160.0, 151.0, 155.0]
Epoch 18, Batch 350, [0.004269/35.845732]
[135.0, 152.0, 158.0, 153.0, 283.0, 156.0, 138.0, 149.0, 137.0, 146.0, 149.0, 151.0, 190.0, 171.0, 149.0, 147.0, 151.0, 172.0, 154.0, 153.0, 147.0, 156.0, 161.0, 146.0, 145.0, 182.0, 149.0, 150.0, 162.0, 159.0, 142.0, 153.0, 146.0, 168.0, 159.0, 163.0, 277.0, 153.0, 140.0, 148.0]
Epoch 19, Batch 50, [0.008521/35.561867]
[280.0, 262.0, 293.0, 269.0, 546.0, 308.0, 278.0, 264.0, 264.0, 256.0, 286.0, 275.0, 276.0, 280.0, 287.0, 306.0, 274.0, 271.0, 304.0, 254.0, 268.0, 297.0, 280.0, 296.0, 284.0, 252.0, 276.0, 284.0, 277.0, 235.0, 258.0, 270.0, 286.0, 279.0, 250.0, 266.0, 540.0, 290.0, 300.0, 279.0]
Epoch 19, Batch 100, [0.004688/35.407443]
[140.0, 145.0, 178.0, 157.0, 287.0, 159.0, 165.0, 144.0, 163.0, 146.0, 141.0, 136.0, 148.0, 160.0, 157.0, 158.0, 148.0, 153.0, 166.0, 138.0, 153.0, 159.0, 144.0, 153.0, 154.0, 173.0, 170.0, 157.0, 144.0, 168.0, 140.0, 146.0, 144.0, 151.0, 160.0, 155.0, 308.0, 142.0, 150.0, 140.0]
Epoch 19, Batch 150, [0.004913/35.253978]
[158.0, 144.0, 154.0, 175.0, 295.0, 152.0, 149.0, 161.0, 141.0, 181.0, 157.0, 163.0, 136.0, 155.0, 160.0, 132.0, 176.0, 137.0, 142.0, 141.0, 154.0, 165.0, 147.0, 165.0, 143.0, 147.0, 161.0, 151.0, 147.0, 151.0, 143.0, 172.0, 156.0, 143.0, 165.0, 137.0, 289.0, 172.0, 155.0, 128.0]
Epoch 19, Batch 200, [0.004088/35.101327]
[147.0, 166.0, 151.0, 164.0, 269.0, 158.0, 140.0, 143.0, 149.0, 151.0, 168.0, 143.0, 147.0, 123.0, 175.0, 153.0, 158.0, 156.0, 159.0, 156.0, 185.0, 170.0, 168.0, 140.0, 143.0, 152.0, 127.0, 146.0, 143.0, 145.0, 168.0, 156.0, 157.0, 167.0, 147.0, 143.0, 295.0, 161.0, 145.0, 166.0]
Epoch 19, Batch 250, [0.004500/34.949928]
[142.0, 152.0, 143.0, 159.0, 290.0, 166.0, 159.0, 160.0, 151.0, 158.0, 175.0, 169.0, 160.0, 146.0, 148.0, 175.0, 168.0, 150.0, 147.0, 161.0, 166.0, 163.0, 143.0, 128.0, 159.0, 138.0, 145.0, 163.0, 159.0, 129.0, 149.0, 161.0, 141.0, 137.0, 145.0, 138.0, 307.0, 165.0, 143.0, 142.0]
Epoch 19, Batch 300, [0.006267/34.799451]
[136.0, 151.0, 176.0, 170.0, 289.0, 141.0, 164.0, 153.0, 143.0, 149.0, 159.0, 151.0, 137.0, 158.0, 157.0, 148.0, 155.0, 148.0, 186.0, 158.0, 160.0, 160.0, 169.0, 143.0, 133.0, 164.0, 131.0, 167.0, 165.0, 147.0, 165.0, 136.0, 158.0, 158.0, 150.0, 148.0, 298.0, 135.0, 141.0, 143.0]
Epoch 19, Batch 350, [0.005096/34.649884]
[149.0, 149.0, 145.0, 142.0, 269.0, 145.0, 186.0, 143.0, 169.0, 143.0, 141.0, 140.0, 154.0, 165.0, 136.0, 141.0, 161.0, 166.0, 155.0, 157.0, 178.0, 140.0, 156.0, 147.0, 166.0, 150.0, 140.0, 141.0, 166.0, 142.0, 149.0, 155.0, 152.0, 162.0, 142.0, 177.0, 311.0, 160.0, 153.0, 157.0]
Epoch 20, Batch 50, [0.004841/34.379957]
[311.0, 262.0, 288.0, 280.0, 489.0, 267.0, 271.0, 284.0, 268.0, 287.0, 258.0, 284.0, 268.0, 295.0, 282.0, 312.0, 245.0, 292.0, 269.0, 277.0, 317.0, 284.0, 276.0, 283.0, 238.0, 261.0, 287.0, 275.0, 256.0, 243.0, 282.0, 282.0, 264.0, 291.0, 275.0, 286.0, 542.0, 267.0, 295.0, 307.0]
Epoch 20, Batch 100, [0.003969/34.233038]
[163.0, 155.0, 164.0, 158.0, 282.0, 142.0, 148.0, 130.0, 156.0, 159.0, 145.0, 143.0, 158.0, 159.0, 145.0, 153.0, 134.0, 153.0, 160.0, 181.0, 134.0, 149.0, 147.0, 166.0, 168.0, 149.0, 156.0, 142.0, 152.0, 158.0, 163.0, 155.0, 150.0, 142.0, 142.0, 158.0, 291.0, 160.0, 172.0, 158.0]
Epoch 20, Batch 150, [0.008100/34.087467]
[120.0, 175.0, 138.0, 157.0, 290.0, 155.0, 135.0, 139.0, 160.0, 150.0, 168.0, 146.0, 163.0, 151.0, 139.0, 148.0, 168.0, 152.0, 158.0, 158.0, 166.0, 171.0, 142.0, 157.0, 150.0, 163.0, 153.0, 145.0, 171.0, 170.0, 152.0, 142.0, 159.0, 134.0, 150.0, 140.0, 318.0, 161.0, 141.0, 145.0]
Epoch 20, Batch 200, [0.004509/33.942758]
[146.0, 159.0, 157.0, 150.0, 299.0, 166.0, 157.0, 161.0, 154.0, 148.0, 141.0, 144.0, 165.0, 155.0, 145.0, 162.0, 157.0, 150.0, 142.0, 151.0, 147.0, 175.0, 137.0, 158.0, 152.0, 149.0, 163.0, 147.0, 147.0, 154.0, 166.0, 156.0, 160.0, 149.0, 154.0, 141.0, 293.0, 150.0, 147.0, 146.0]
Epoch 20, Batch 250, [0.005528/33.798880]
[157.0, 146.0, 165.0, 159.0, 295.0, 132.0, 156.0, 149.0, 129.0, 144.0, 155.0, 144.0, 148.0, 170.0, 165.0, 151.0, 154.0, 140.0, 150.0, 168.0, 131.0, 149.0, 186.0, 148.0, 175.0, 143.0, 144.0, 135.0, 152.0, 164.0, 142.0, 165.0, 158.0, 162.0, 140.0, 156.0, 283.0, 181.0, 144.0, 165.0]
Epoch 20, Batch 300, [0.006847/33.656001]
[160.0, 139.0, 143.0, 145.0, 268.0, 154.0, 151.0, 147.0, 163.0, 141.0, 160.0, 147.0, 150.0, 165.0, 157.0, 165.0, 161.0, 144.0, 146.0, 153.0, 154.0, 158.0, 128.0, 160.0, 145.0, 153.0, 163.0, 149.0, 129.0, 149.0, 146.0, 167.0, 149.0, 155.0, 166.0, 148.0, 312.0, 157.0, 170.0, 183.0]
Epoch 20, Batch 350, [0.006325/33.513969]
[142.0, 148.0, 146.0, 167.0, 265.0, 162.0, 145.0, 161.0, 155.0, 160.0, 149.0, 155.0, 167.0, 145.0, 142.0, 166.0, 163.0, 156.0, 151.0, 139.0, 172.0, 180.0, 143.0, 154.0, 173.0, 178.0, 136.0, 136.0, 151.0, 159.0, 159.0, 143.0, 145.0, 144.0, 141.0, 138.0, 291.0, 147.0, 164.0, 162.0]
Epoch 21, Batch 50, [0.004681/33.257601]
[278.0, 275.0, 276.0, 269.0, 506.0, 280.0, 272.0, 267.0, 289.0, 290.0, 256.0, 302.0, 280.0, 287.0, 272.0, 270.0, 265.0, 299.0, 257.0, 272.0, 264.0, 269.0, 268.0, 296.0, 273.0, 258.0, 282.0, 285.0, 297.0, 279.0, 272.0, 296.0, 276.0, 294.0, 281.0, 285.0, 503.0, 276.0, 299.0, 285.0]
Epoch 21, Batch 100, [0.004203/33.118260]
[162.0, 150.0, 174.0, 154.0, 284.0, 140.0, 155.0, 150.0, 153.0, 159.0, 140.0, 150.0, 160.0, 156.0, 148.0, 172.0, 167.0, 153.0, 154.0, 141.0, 147.0, 152.0, 147.0, 158.0, 145.0, 156.0, 177.0, 146.0, 172.0, 158.0, 152.0, 134.0, 158.0, 154.0, 155.0, 151.0, 279.0, 135.0, 153.0, 149.0]
Epoch 21, Batch 150, [0.003998/32.979865]
[132.0, 167.0, 146.0, 164.0, 296.0, 147.0, 148.0, 150.0, 146.0, 119.0, 152.0, 171.0, 185.0, 156.0, 162.0, 156.0, 161.0, 157.0, 161.0, 157.0, 149.0, 147.0, 170.0, 166.0, 162.0, 145.0, 150.0, 155.0, 148.0, 144.0, 138.0, 168.0, 138.0, 168.0, 150.0, 157.0, 295.0, 129.0, 135.0, 153.0]
Epoch 21, Batch 200, [0.004956/32.842490]
[160.0, 138.0, 129.0, 170.0, 289.0, 166.0, 178.0, 148.0, 181.0, 143.0, 163.0, 163.0, 151.0, 155.0, 163.0, 129.0, 153.0, 170.0, 154.0, 132.0, 147.0, 140.0, 147.0, 160.0, 162.0, 141.0, 169.0, 165.0, 143.0, 152.0, 159.0, 135.0, 143.0, 155.0, 148.0, 176.0, 287.0, 142.0, 155.0, 139.0]
Epoch 21, Batch 250, [0.006396/32.706010]
[138.0, 153.0, 171.0, 167.0, 263.0, 146.0, 155.0, 155.0, 147.0, 154.0, 154.0, 152.0, 159.0, 158.0, 161.0, 168.0, 165.0, 134.0, 136.0, 146.0, 136.0, 150.0, 160.0, 170.0, 149.0, 141.0, 156.0, 150.0, 163.0, 149.0, 123.0, 143.0, 141.0, 171.0, 161.0, 179.0, 309.0, 155.0, 159.0, 153.0]
Epoch 21, Batch 300, [0.004425/32.570648]
[158.0, 142.0, 154.0, 141.0, 297.0, 142.0, 168.0, 158.0, 147.0, 153.0, 153.0, 148.0, 138.0, 157.0, 159.0, 142.0, 142.0, 158.0, 144.0, 148.0, 151.0, 147.0, 169.0, 155.0, 133.0, 145.0, 159.0, 164.0, 174.0, 137.0, 147.0, 152.0, 155.0, 142.0, 159.0, 163.0, 312.0, 151.0, 165.0, 171.0]
Epoch 21, Batch 350, [0.004096/32.436083]
[152.0, 155.0, 175.0, 161.0, 273.0, 158.0, 157.0, 160.0, 133.0, 164.0, 126.0, 155.0, 136.0, 166.0, 173.0, 172.0, 164.0, 169.0, 147.0, 184.0, 143.0, 146.0, 146.0, 163.0, 145.0, 179.0, 146.0, 137.0, 159.0, 152.0, 151.0, 147.0, 165.0, 144.0, 151.0, 155.0, 295.0, 126.0, 130.0, 140.0]
Epoch 22, Batch 50, [0.004333/32.193697]
[288.0, 269.0, 290.0, 289.0, 531.0, 278.0, 287.0, 297.0, 276.0, 258.0, 286.0, 278.0, 278.0, 265.0, 269.0, 305.0, 290.0, 287.0, 299.0, 266.0, 282.0, 261.0, 291.0, 258.0, 260.0, 274.0, 313.0, 256.0, 290.0, 297.0, 245.0, 241.0, 282.0, 298.0, 274.0, 237.0, 551.0, 265.0, 248.0, 291.0]
Epoch 22, Batch 100, [0.005645/32.061715]
[143.0, 138.0, 150.0, 142.0, 270.0, 147.0, 165.0, 180.0, 161.0, 141.0, 146.0, 145.0, 154.0, 193.0, 149.0, 174.0, 149.0, 148.0, 156.0, 148.0, 149.0, 180.0, 149.0, 158.0, 150.0, 170.0, 144.0, 152.0, 135.0, 148.0, 162.0, 153.0, 160.0, 134.0, 166.0, 155.0, 283.0, 169.0, 143.0, 141.0]
Epoch 22, Batch 150, [0.004025/31.930626]
[151.0, 157.0, 171.0, 162.0, 281.0, 142.0, 154.0, 157.0, 165.0, 160.0, 156.0, 146.0, 138.0, 150.0, 117.0, 127.0, 172.0, 173.0, 160.0, 152.0, 149.0, 167.0, 155.0, 149.0, 157.0, 177.0, 144.0, 155.0, 145.0, 149.0, 154.0, 158.0, 165.0, 159.0, 151.0, 143.0, 268.0, 147.0, 170.0, 147.0]
Epoch 22, Batch 200, [0.006480/31.800665]
[143.0, 142.0, 155.0, 136.0, 299.0, 141.0, 151.0, 149.0, 159.0, 157.0, 168.0, 133.0, 141.0, 167.0, 127.0, 142.0, 153.0, 158.0, 146.0, 165.0, 172.0, 175.0, 138.0, 149.0, 159.0, 170.0, 158.0, 150.0, 156.0, 146.0, 162.0, 155.0, 152.0, 168.0, 152.0, 148.0, 301.0, 152.0, 155.0, 150.0]
Epoch 22, Batch 250, [0.004244/31.671551]
[161.0, 167.0, 153.0, 145.0, 272.0, 167.0, 148.0, 181.0, 150.0, 142.0, 143.0, 162.0, 159.0, 126.0, 141.0, 159.0, 147.0, 143.0, 163.0, 152.0, 154.0, 146.0, 142.0, 156.0, 181.0, 177.0, 161.0, 142.0, 161.0, 135.0, 137.0, 149.0, 151.0, 147.0, 154.0, 146.0, 300.0, 156.0, 167.0, 157.0]
Epoch 22, Batch 300, [0.004923/31.543549]
[164.0, 145.0, 135.0, 152.0, 328.0, 157.0, 153.0, 154.0, 156.0, 139.0, 143.0, 166.0, 140.0, 153.0, 137.0, 149.0, 144.0, 164.0, 177.0, 137.0, 150.0, 161.0, 123.0, 156.0, 143.0, 146.0, 155.0, 170.0, 143.0, 148.0, 150.0, 166.0, 142.0, 151.0, 160.0, 172.0, 289.0, 161.0, 155.0, 166.0]
Epoch 22, Batch 350, [0.005331/31.416331]
[164.0, 130.0, 135.0, 153.0, 269.0, 177.0, 157.0, 157.0, 140.0, 159.0, 181.0, 146.0, 127.0, 141.0, 145.0, 150.0, 156.0, 163.0, 132.0, 173.0, 152.0, 151.0, 155.0, 167.0, 154.0, 180.0, 163.0, 142.0, 171.0, 160.0, 140.0, 154.0, 150.0, 138.0, 148.0, 162.0, 305.0, 149.0, 154.0, 150.0]
Epoch 23, Batch 50, [0.004909/31.186754]
[285.0, 283.0, 271.0, 293.0, 484.0, 289.0, 266.0, 288.0, 255.0, 287.0, 251.0, 307.0, 296.0, 277.0, 308.0, 279.0, 282.0, 275.0, 281.0, 276.0, 276.0, 288.0, 291.0, 274.0, 251.0, 269.0, 269.0, 307.0, 262.0, 253.0, 281.0, 264.0, 275.0, 306.0, 247.0, 286.0, 522.0, 289.0, 280.0, 277.0]
Epoch 23, Batch 100, [0.005916/31.061976]
[193.0, 145.0, 164.0, 159.0, 263.0, 158.0, 135.0, 152.0, 142.0, 169.0, 147.0, 151.0, 144.0, 145.0, 145.0, 154.0, 178.0, 135.0, 139.0, 159.0, 175.0, 141.0, 146.0, 144.0, 162.0, 160.0, 170.0, 173.0, 143.0, 162.0, 133.0, 153.0, 171.0, 160.0, 160.0, 141.0, 282.0, 157.0, 138.0, 152.0]
Epoch 23, Batch 150, [0.004260/30.938204]
[159.0, 134.0, 175.0, 134.0, 294.0, 152.0, 160.0, 164.0, 162.0, 145.0, 160.0, 158.0, 163.0, 158.0, 150.0, 178.0, 140.0, 164.0, 153.0, 155.0, 149.0, 167.0, 159.0, 165.0, 132.0, 147.0, 142.0, 158.0, 143.0, 137.0, 156.0, 153.0, 152.0, 145.0, 143.0, 166.0, 271.0, 157.0, 155.0, 145.0]
Epoch 23, Batch 200, [0.004328/30.815335]
[168.0, 148.0, 149.0, 144.0, 257.0, 165.0, 149.0, 156.0, 156.0, 183.0, 138.0, 155.0, 154.0, 155.0, 156.0, 136.0, 157.0, 151.0, 180.0, 174.0, 165.0, 145.0, 136.0, 141.0, 164.0, 165.0, 151.0, 155.0, 150.0, 143.0, 159.0, 139.0, 162.0, 153.0, 151.0, 162.0, 290.0, 154.0, 137.0, 147.0]
Epoch 23, Batch 250, [0.020199/30.693398]
[144.0, 153.0, 155.0, 166.0, 277.0, 166.0, 143.0, 147.0, 164.0, 165.0, 141.0, 144.0, 166.0, 165.0, 147.0, 150.0, 146.0, 127.0, 147.0, 128.0, 159.0, 157.0, 168.0, 156.0, 150.0, 153.0, 155.0, 168.0, 161.0, 159.0, 139.0, 186.0, 147.0, 162.0, 160.0, 160.0, 288.0, 140.0, 145.0, 146.0]
Epoch 23, Batch 300, [0.004530/30.572543]
[158.0, 166.0, 160.0, 139.0, 270.0, 162.0, 147.0, 153.0, 140.0, 136.0, 167.0, 143.0, 141.0, 159.0, 178.0, 138.0, 159.0, 161.0, 155.0, 135.0, 160.0, 150.0, 143.0, 145.0, 140.0, 140.0, 165.0, 165.0, 153.0, 154.0, 142.0, 173.0, 155.0, 168.0, 152.0, 154.0, 307.0, 161.0, 155.0, 151.0]
Epoch 23, Batch 350, [0.004414/30.452335]
[136.0, 151.0, 143.0, 159.0, 272.0, 135.0, 134.0, 161.0, 165.0, 144.0, 160.0, 154.0, 163.0, 163.0, 170.0, 145.0, 146.0, 170.0, 163.0, 168.0, 171.0, 129.0, 137.0, 165.0, 152.0, 165.0, 154.0, 148.0, 148.0, 161.0, 164.0, 145.0, 180.0, 152.0, 151.0, 147.0, 276.0, 158.0, 154.0, 141.0]
Epoch 24, Batch 50, [0.009866/30.235833]
[281.0, 273.0, 241.0, 304.0, 502.0, 308.0, 279.0, 317.0, 308.0, 277.0, 267.0, 274.0, 282.0, 268.0, 249.0, 245.0, 271.0, 249.0, 297.0, 256.0, 285.0, 303.0, 275.0, 259.0, 280.0, 269.0, 272.0, 305.0, 282.0, 313.0, 257.0, 300.0, 279.0, 257.0, 272.0, 272.0, 531.0, 260.0, 275.0, 306.0]
Epoch 24, Batch 100, [0.004713/30.118250]
[158.0, 164.0, 140.0, 152.0, 264.0, 163.0, 153.0, 135.0, 160.0, 148.0, 155.0, 156.0, 152.0, 156.0, 150.0, 184.0, 168.0, 160.0, 140.0, 141.0, 163.0, 138.0, 150.0, 175.0, 151.0, 138.0, 155.0, 134.0, 130.0, 162.0, 141.0, 155.0, 146.0, 154.0, 165.0, 156.0, 287.0, 158.0, 167.0, 176.0]
Epoch 24, Batch 150, [0.006224/30.001523]
[162.0, 141.0, 182.0, 150.0, 283.0, 154.0, 147.0, 173.0, 164.0, 159.0, 135.0, 146.0, 155.0, 153.0, 156.0, 145.0, 136.0, 175.0, 162.0, 134.0, 150.0, 163.0, 147.0, 151.0, 155.0, 168.0, 143.0, 150.0, 140.0, 156.0, 167.0, 146.0, 143.0, 164.0, 159.0, 144.0, 295.0, 150.0, 154.0, 143.0]
Epoch 24, Batch 200, [0.007953/29.885851]
[158.0, 155.0, 163.0, 145.0, 280.0, 137.0, 162.0, 169.0, 148.0, 156.0, 170.0, 161.0, 165.0, 172.0, 157.0, 140.0, 152.0, 148.0, 127.0, 135.0, 175.0, 147.0, 153.0, 160.0, 131.0, 153.0, 157.0, 153.0, 149.0, 163.0, 150.0, 154.0, 137.0, 141.0, 155.0, 154.0, 299.0, 162.0, 140.0, 167.0]
Epoch 24, Batch 250, [0.004521/29.771208]
[171.0, 165.0, 169.0, 158.0, 288.0, 166.0, 170.0, 160.0, 147.0, 153.0, 138.0, 148.0, 167.0, 145.0, 127.0, 145.0, 159.0, 144.0, 162.0, 155.0, 177.0, 160.0, 135.0, 162.0, 135.0, 140.0, 166.0, 152.0, 166.0, 136.0, 156.0, 136.0, 141.0, 139.0, 168.0, 151.0, 300.0, 154.0, 140.0, 149.0]
Epoch 24, Batch 300, [0.004935/29.657481]
[143.0, 182.0, 146.0, 150.0, 290.0, 151.0, 161.0, 152.0, 149.0, 172.0, 155.0, 159.0, 134.0, 159.0, 152.0, 132.0, 140.0, 161.0, 166.0, 157.0, 143.0, 162.0, 160.0, 167.0, 154.0, 142.0, 136.0, 149.0, 141.0, 178.0, 161.0, 141.0, 150.0, 168.0, 151.0, 144.0, 303.0, 145.0, 144.0, 150.0]
Epoch 24, Batch 350, [0.004545/29.544362]
[142.0, 137.0, 162.0, 152.0, 258.0, 158.0, 158.0, 149.0, 173.0, 163.0, 151.0, 139.0, 157.0, 153.0, 149.0, 137.0, 157.0, 148.0, 139.0, 159.0, 139.0, 168.0, 127.0, 179.0, 160.0, 149.0, 154.0, 169.0, 149.0, 142.0, 141.0, 130.0, 170.0, 145.0, 171.0, 165.0, 283.0, 167.0, 180.0, 171.0]
Epoch 25, Batch 50, [0.004869/29.340847]
[254.0, 296.0, 252.0, 312.0, 484.0, 272.0, 309.0, 250.0, 287.0, 276.0, 279.0, 289.0, 271.0, 309.0, 319.0, 278.0, 258.0, 252.0, 305.0, 280.0, 282.0, 262.0, 306.0, 310.0, 280.0, 293.0, 270.0, 265.0, 247.0, 267.0, 271.0, 257.0, 263.0, 258.0, 274.0, 250.0, 539.0, 299.0, 273.0, 302.0]
Epoch 25, Batch 100, [0.005850/29.230439]
[149.0, 162.0, 146.0, 150.0, 267.0, 145.0, 154.0, 154.0, 167.0, 159.0, 170.0, 153.0, 147.0, 165.0, 143.0, 150.0, 148.0, 145.0, 173.0, 152.0, 144.0, 160.0, 135.0, 145.0, 148.0, 153.0, 148.0, 159.0, 174.0, 147.0, 169.0, 139.0, 130.0, 175.0, 157.0, 143.0, 296.0, 176.0, 150.0, 153.0]
Epoch 25, Batch 150, [0.004739/29.120800]
[151.0, 158.0, 143.0, 148.0, 264.0, 153.0, 140.0, 142.0, 155.0, 135.0, 142.0, 167.0, 159.0, 162.0, 152.0, 137.0, 145.0, 144.0, 162.0, 178.0, 162.0, 160.0, 159.0, 151.0, 149.0, 159.0, 125.0, 152.0, 151.0, 153.0, 154.0, 148.0, 149.0, 170.0, 182.0, 166.0, 274.0, 157.0, 164.0, 178.0]
Epoch 25, Batch 200, [0.005934/29.012384]
[161.0, 150.0, 165.0, 151.0, 307.0, 153.0, 142.0, 162.0, 148.0, 155.0, 147.0, 155.0, 151.0, 151.0, 159.0, 158.0, 148.0, 154.0, 154.0, 150.0, 151.0, 135.0, 161.0, 152.0, 153.0, 144.0, 153.0, 152.0, 163.0, 152.0, 180.0, 145.0, 137.0, 175.0, 146.0, 146.0, 290.0, 154.0, 155.0, 135.0]
Epoch 25, Batch 250, [0.006400/28.904984]
[143.0, 151.0, 143.0, 169.0, 277.0, 179.0, 147.0, 173.0, 143.0, 143.0, 148.0, 144.0, 166.0, 154.0, 154.0, 157.0, 149.0, 143.0, 148.0, 152.0, 165.0, 150.0, 134.0, 171.0, 136.0, 162.0, 173.0, 163.0, 172.0, 122.0, 155.0, 153.0, 138.0, 158.0, 160.0, 154.0, 292.0, 151.0, 145.0, 163.0]
Epoch 25, Batch 300, [0.006399/28.798253]
[150.0, 162.0, 166.0, 136.0, 274.0, 177.0, 154.0, 158.0, 152.0, 127.0, 154.0, 152.0, 148.0, 154.0, 176.0, 166.0, 174.0, 137.0, 138.0, 174.0, 132.0, 165.0, 140.0, 160.0, 128.0, 147.0, 162.0, 134.0, 142.0, 132.0, 139.0, 144.0, 165.0, 173.0, 143.0, 157.0, 309.0, 172.0, 153.0, 174.0]
Epoch 25, Batch 350, [0.006848/28.692271]
[157.0, 145.0, 172.0, 135.0, 263.0, 169.0, 165.0, 144.0, 156.0, 164.0, 166.0, 170.0, 164.0, 145.0, 161.0, 130.0, 149.0, 156.0, 138.0, 170.0, 163.0, 146.0, 157.0, 152.0, 153.0, 155.0, 168.0, 158.0, 146.0, 153.0, 175.0, 136.0, 158.0, 161.0, 132.0, 148.0, 278.0, 143.0, 162.0, 137.0]
Epoch 26, Batch 50, [0.004643/28.501658]
[264.0, 277.0, 283.0, 274.0, 490.0, 267.0, 291.0, 264.0, 296.0, 254.0, 276.0, 246.0, 286.0, 286.0, 285.0, 268.0, 274.0, 274.0, 287.0, 277.0, 303.0, 289.0, 276.0, 281.0, 281.0, 275.0, 243.0, 276.0, 287.0, 270.0, 300.0, 308.0, 280.0, 279.0, 278.0, 285.0, 541.0, 277.0, 290.0, 262.0]
Epoch 26, Batch 100, [0.004378/28.398540]
[146.0, 146.0, 148.0, 171.0, 269.0, 135.0, 147.0, 130.0, 159.0, 170.0, 155.0, 149.0, 165.0, 147.0, 163.0, 188.0, 161.0, 164.0, 150.0, 177.0, 140.0, 165.0, 179.0, 135.0, 137.0, 138.0, 162.0, 184.0, 154.0, 151.0, 158.0, 131.0, 141.0, 142.0, 162.0, 123.0, 297.0, 162.0, 148.0, 151.0]
Epoch 26, Batch 150, [0.005135/28.296184]
[149.0, 147.0, 133.0, 131.0, 256.0, 156.0, 143.0, 155.0, 153.0, 158.0, 162.0, 153.0, 159.0, 176.0, 138.0, 167.0, 153.0, 155.0, 142.0, 164.0, 137.0, 158.0, 137.0, 178.0, 154.0, 157.0, 158.0, 163.0, 172.0, 165.0, 143.0, 147.0, 152.0, 148.0, 154.0, 148.0, 302.0, 154.0, 160.0, 163.0]
Epoch 26, Batch 200, [0.005583/28.195082]
[159.0, 145.0, 157.0, 169.0, 304.0, 141.0, 140.0, 154.0, 154.0, 161.0, 149.0, 181.0, 147.0, 138.0, 155.0, 155.0, 152.0, 164.0, 177.0, 137.0, 159.0, 172.0, 164.0, 148.0, 164.0, 160.0, 145.0, 144.0, 144.0, 155.0, 153.0, 132.0, 140.0, 153.0, 136.0, 141.0, 294.0, 154.0, 150.0, 153.0]
Epoch 26, Batch 250, [0.005170/28.094832]
[155.0, 184.0, 147.0, 146.0, 255.0, 154.0, 157.0, 140.0, 139.0, 170.0, 136.0, 155.0, 154.0, 145.0, 155.0, 154.0, 163.0, 164.0, 147.0, 142.0, 155.0, 165.0, 155.0, 160.0, 143.0, 165.0, 136.0, 152.0, 143.0, 165.0, 138.0, 151.0, 152.0, 167.0, 159.0, 146.0, 322.0, 163.0, 148.0, 153.0]
Epoch 26, Batch 300, [0.012695/27.995091]
[167.0, 149.0, 154.0, 164.0, 249.0, 145.0, 134.0, 149.0, 150.0, 138.0, 161.0, 163.0, 149.0, 168.0, 140.0, 152.0, 170.0, 159.0, 148.0, 153.0, 137.0, 174.0, 170.0, 159.0, 140.0, 140.0, 155.0, 163.0, 157.0, 156.0, 159.0, 143.0, 126.0, 153.0, 173.0, 149.0, 288.0, 189.0, 163.0, 144.0]
Epoch 26, Batch 350, [0.009290/27.896315]
[178.0, 135.0, 163.0, 163.0, 252.0, 165.0, 158.0, 165.0, 160.0, 156.0, 151.0, 175.0, 163.0, 149.0, 170.0, 150.0, 138.0, 170.0, 157.0, 157.0, 150.0, 151.0, 142.0, 150.0, 171.0, 140.0, 151.0, 163.0, 158.0, 129.0, 142.0, 130.0, 156.0, 143.0, 156.0, 131.0, 288.0, 152.0, 158.0, 164.0]
Epoch 27, Batch 50, [0.006970/27.719192]
[273.0, 302.0, 280.0, 257.0, 499.0, 260.0, 305.0, 246.0, 277.0, 299.0, 274.0, 276.0, 279.0, 276.0, 306.0, 239.0, 273.0, 250.0, 255.0, 281.0, 297.0, 268.0, 266.0, 271.0, 296.0, 274.0, 279.0, 268.0, 261.0, 260.0, 302.0, 283.0, 282.0, 315.0, 283.0, 266.0, 558.0, 346.0, 247.0, 271.0]
Epoch 27, Batch 100, [0.005090/27.623497]
[167.0, 162.0, 155.0, 142.0, 258.0, 164.0, 123.0, 150.0, 160.0, 163.0, 154.0, 153.0, 158.0, 166.0, 145.0, 138.0, 146.0, 154.0, 147.0, 169.0, 135.0, 168.0, 155.0, 169.0, 175.0, 145.0, 152.0, 143.0, 134.0, 169.0, 123.0, 154.0, 146.0, 149.0, 154.0, 145.0, 340.0, 161.0, 157.0, 152.0]
Epoch 27, Batch 150, [0.005603/27.528637]
[139.0, 147.0, 132.0, 166.0, 292.0, 158.0, 158.0, 141.0, 145.0, 152.0, 149.0, 134.0, 167.0, 147.0, 156.0, 151.0, 158.0, 160.0, 141.0, 144.0, 161.0, 170.0, 154.0, 164.0, 141.0, 118.0, 148.0, 166.0, 166.0, 162.0, 149.0, 156.0, 165.0, 165.0, 159.0, 164.0, 308.0, 140.0, 149.0, 158.0]
Epoch 27, Batch 200, [0.006298/27.434548]
[160.0, 171.0, 162.0, 156.0, 259.0, 138.0, 161.0, 172.0, 137.0, 153.0, 168.0, 162.0, 171.0, 155.0, 140.0, 148.0, 158.0, 171.0, 156.0, 146.0, 163.0, 138.0, 165.0, 167.0, 150.0, 144.0, 141.0, 151.0, 143.0, 134.0, 162.0, 152.0, 153.0, 172.0, 128.0, 129.0, 300.0, 156.0, 146.0, 162.0]
Epoch 27, Batch 250, [0.008219/27.341208]
[155.0, 145.0, 182.0, 131.0, 236.0, 167.0, 149.0, 148.0, 158.0, 159.0, 165.0, 165.0, 153.0, 158.0, 155.0, 167.0, 150.0, 172.0, 166.0, 158.0, 142.0, 164.0, 151.0, 150.0, 160.0, 143.0, 166.0, 135.0, 161.0, 165.0, 158.0, 157.0, 133.0, 149.0, 132.0, 145.0, 309.0, 142.0, 149.0, 150.0]
Epoch 27, Batch 300, [0.007311/27.248920]
[152.0, 158.0, 133.0, 159.0, 253.0, 156.0, 136.0, 158.0, 171.0, 147.0, 143.0, 132.0, 154.0, 145.0, 146.0, 138.0, 132.0, 159.0, 171.0, 147.0, 150.0, 171.0, 171.0, 152.0, 151.0, 162.0, 167.0, 155.0, 163.0, 160.0, 158.0, 158.0, 140.0, 158.0, 174.0, 148.0, 303.0, 146.0, 161.0, 162.0]
Epoch 27, Batch 350, [0.010968/27.158043]
[137.0, 168.0, 160.0, 137.0, 272.0, 137.0, 150.0, 175.0, 167.0, 165.0, 160.0, 150.0, 166.0, 152.0, 132.0, 123.0, 158.0, 159.0, 146.0, 143.0, 152.0, 135.0, 129.0, 159.0, 154.0, 157.0, 143.0, 134.0, 186.0, 138.0, 159.0, 162.0, 170.0, 153.0, 151.0, 168.0, 352.0, 144.0, 169.0, 128.0]
Epoch 28, Batch 50, [0.008839/26.994351]
[242.0, 286.0, 275.0, 269.0, 476.0, 288.0, 240.0, 290.0, 264.0, 291.0, 289.0, 253.0, 249.0, 285.0, 275.0, 299.0, 278.0, 257.0, 275.0, 327.0, 299.0, 247.0, 308.0, 268.0, 248.0, 287.0, 273.0, 276.0, 270.0, 268.0, 281.0, 269.0, 295.0, 267.0, 322.0, 283.0, 586.0, 285.0, 277.0, 283.0]
Epoch 28, Batch 100, [0.005594/26.905667]
[160.0, 156.0, 149.0, 137.0, 245.0, 162.0, 139.0, 137.0, 130.0, 152.0, 167.0, 152.0, 152.0, 154.0, 149.0, 153.0, 156.0, 152.0, 173.0, 153.0, 142.0, 143.0, 165.0, 142.0, 164.0, 145.0, 131.0, 149.0, 157.0, 171.0, 191.0, 148.0, 148.0, 169.0, 171.0, 162.0, 311.0, 145.0, 147.0, 171.0]
Epoch 28, Batch 150, [0.006204/26.817803]
[151.0, 151.0, 141.0, 164.0, 251.0, 172.0, 166.0, 166.0, 119.0, 165.0, 140.0, 134.0, 171.0, 145.0, 162.0, 149.0, 153.0, 160.0, 152.0, 158.0, 154.0, 180.0, 141.0, 151.0, 151.0, 153.0, 157.0, 150.0, 160.0, 166.0, 133.0, 141.0, 162.0, 135.0, 166.0, 153.0, 305.0, 144.0, 167.0, 161.0]
Epoch 28, Batch 200, [0.005863/26.731099]
[149.0, 144.0, 161.0, 156.0, 252.0, 131.0, 139.0, 156.0, 182.0, 148.0, 143.0, 151.0, 167.0, 137.0, 145.0, 158.0, 168.0, 149.0, 169.0, 131.0, 156.0, 139.0, 164.0, 157.0, 149.0, 159.0, 154.0, 154.0, 152.0, 158.0, 159.0, 160.0, 157.0, 136.0, 150.0, 157.0, 324.0, 168.0, 166.0, 145.0]
Epoch 28, Batch 250, [0.007820/26.645220]
[155.0, 137.0, 143.0, 160.0, 242.0, 149.0, 160.0, 150.0, 142.0, 139.0, 153.0, 184.0, 155.0, 140.0, 150.0, 157.0, 170.0, 143.0, 147.0, 132.0, 161.0, 168.0, 158.0, 166.0, 163.0, 123.0, 167.0, 137.0, 157.0, 165.0, 174.0, 150.0, 165.0, 149.0, 147.0, 142.0, 329.0, 158.0, 169.0, 144.0]
Epoch 28, Batch 300, [0.007404/26.560353]
[151.0, 144.0, 155.0, 163.0, 243.0, 156.0, 142.0, 166.0, 151.0, 148.0, 159.0, 166.0, 163.0, 154.0, 146.0, 153.0, 164.0, 164.0, 137.0, 144.0, 146.0, 134.0, 145.0, 163.0, 155.0, 163.0, 141.0, 167.0, 145.0, 147.0, 157.0, 134.0, 149.0, 170.0, 149.0, 149.0, 327.0, 161.0, 156.0, 173.0]
Epoch 28, Batch 350, [0.007613/26.476628]
[170.0, 143.0, 146.0, 158.0, 260.0, 150.0, 140.0, 135.0, 153.0, 157.0, 156.0, 155.0, 142.0, 174.0, 157.0, 150.0, 162.0, 155.0, 125.0, 151.0, 137.0, 183.0, 156.0, 161.0, 162.0, 148.0, 161.0, 156.0, 134.0, 156.0, 153.0, 143.0, 159.0, 140.0, 149.0, 143.0, 345.0, 167.0, 152.0, 156.0]
Epoch 29, Batch 50, [0.007150/26.325888]
[265.0, 300.0, 290.0, 280.0, 426.0, 263.0, 308.0, 272.0, 286.0, 257.0, 274.0, 273.0, 282.0, 298.0, 269.0, 272.0, 252.0, 284.0, 276.0, 280.0, 279.0, 263.0, 243.0, 268.0, 277.0, 318.0, 285.0, 273.0, 280.0, 301.0, 260.0, 269.0, 268.0, 313.0, 278.0, 280.0, 613.0, 269.0, 292.0, 264.0]
Epoch 29, Batch 100, [0.006960/26.244057]
[157.0, 153.0, 149.0, 162.0, 205.0, 158.0, 160.0, 142.0, 159.0, 171.0, 154.0, 155.0, 164.0, 158.0, 149.0, 163.0, 146.0, 158.0, 166.0, 149.0, 170.0, 153.0, 144.0, 176.0, 149.0, 144.0, 143.0, 171.0, 143.0, 163.0, 158.0, 158.0, 147.0, 166.0, 158.0, 136.0, 295.0, 159.0, 153.0, 136.0]
Epoch 29, Batch 150, [0.007265/26.163721]
[139.0, 164.0, 149.0, 140.0, 256.0, 141.0, 162.0, 185.0, 148.0, 158.0, 156.0, 157.0, 168.0, 130.0, 146.0, 150.0, 162.0, 155.0, 162.0, 155.0, 173.0, 151.0, 158.0, 136.0, 171.0, 156.0, 153.0, 160.0, 141.0, 160.0, 165.0, 136.0, 153.0, 159.0, 160.0, 137.0, 326.0, 138.0, 139.0, 145.0]
Epoch 29, Batch 200, [0.009907/26.084045]
[139.0, 143.0, 156.0, 165.0, 225.0, 135.0, 158.0, 165.0, 168.0, 154.0, 150.0, 149.0, 162.0, 151.0, 187.0, 136.0, 155.0, 156.0, 171.0, 150.0, 164.0, 147.0, 159.0, 151.0, 136.0, 149.0, 140.0, 175.0, 175.0, 158.0, 136.0, 142.0, 152.0, 173.0, 161.0, 150.0, 313.0, 157.0, 145.0, 142.0]
Epoch 29, Batch 250, [0.008402/26.005483]
[154.0, 147.0, 144.0, 158.0, 255.0, 153.0, 153.0, 138.0, 157.0, 160.0, 180.0, 145.0, 153.0, 147.0, 148.0, 168.0, 142.0, 157.0, 152.0, 135.0, 146.0, 173.0, 157.0, 148.0, 151.0, 153.0, 166.0, 160.0, 138.0, 165.0, 145.0, 141.0, 142.0, 156.0, 176.0, 138.0, 320.0, 164.0, 161.0, 154.0]
Epoch 29, Batch 300, [0.005396/25.927793]
[163.0, 158.0, 139.0, 149.0, 232.0, 141.0, 139.0, 161.0, 147.0, 167.0, 136.0, 161.0, 167.0, 150.0, 150.0, 166.0, 150.0, 128.0, 127.0, 153.0, 158.0, 160.0, 167.0, 144.0, 150.0, 158.0, 165.0, 151.0, 185.0, 159.0, 154.0, 150.0, 156.0, 155.0, 178.0, 138.0, 337.0, 151.0, 145.0, 155.0]
Epoch 29, Batch 350, [0.006222/25.851134]
[159.0, 159.0, 140.0, 142.0, 235.0, 159.0, 138.0, 155.0, 160.0, 157.0, 163.0, 156.0, 159.0, 144.0, 171.0, 181.0, 141.0, 137.0, 153.0, 159.0, 169.0, 144.0, 154.0, 140.0, 164.0, 151.0, 174.0, 129.0, 162.0, 137.0, 164.0, 161.0, 145.0, 147.0, 145.0, 162.0, 325.0, 151.0, 147.0, 161.0]
Epoch 30, Batch 50, [0.009137/25.713487]
[277.0, 263.0, 285.0, 267.0, 411.0, 301.0, 274.0, 254.0, 260.0, 261.0, 317.0, 256.0, 272.0, 290.0, 255.0, 258.0, 281.0, 295.0, 291.0, 268.0, 283.0, 271.0, 289.0, 296.0, 281.0, 281.0, 319.0, 265.0, 273.0, 289.0, 280.0, 270.0, 269.0, 282.0, 305.0, 262.0, 614.0, 272.0, 292.0, 271.0]
Epoch 30, Batch 100, [0.011054/25.639691]
[151.0, 161.0, 147.0, 157.0, 237.0, 138.0, 149.0, 159.0, 157.0, 151.0, 161.0, 157.0, 171.0, 161.0, 156.0, 154.0, 155.0, 169.0, 153.0, 154.0, 163.0, 157.0, 160.0, 158.0, 138.0, 146.0, 150.0, 170.0, 173.0, 148.0, 150.0, 143.0, 136.0, 144.0, 127.0, 146.0, 346.0, 159.0, 150.0, 138.0]
Epoch 30, Batch 150, [0.008062/25.566457]
[152.0, 153.0, 149.0, 175.0, 231.0, 139.0, 144.0, 154.0, 168.0, 145.0, 155.0, 152.0, 157.0, 141.0, 150.0, 171.0, 161.0, 157.0, 152.0, 161.0, 163.0, 143.0, 135.0, 146.0, 144.0, 143.0, 166.0, 157.0, 165.0, 157.0, 146.0, 166.0, 157.0, 148.0, 170.0, 163.0, 313.0, 144.0, 137.0, 170.0]
Epoch 30, Batch 200, [0.015122/25.493923]
[148.0, 124.0, 159.0, 148.0, 205.0, 155.0, 156.0, 150.0, 147.0, 146.0, 155.0, 158.0, 150.0, 162.0, 139.0, 163.0, 188.0, 164.0, 158.0, 159.0, 146.0, 163.0, 144.0, 123.0, 138.0, 154.0, 172.0, 171.0, 176.0, 162.0, 148.0, 157.0, 156.0, 176.0, 155.0, 176.0, 319.0, 163.0, 132.0, 135.0]
Epoch 30, Batch 250, [0.007488/25.423118]
[144.0, 142.0, 169.0, 155.0, 226.0, 169.0, 134.0, 149.0, 146.0, 144.0, 161.0, 145.0, 154.0, 135.0, 156.0, 148.0, 159.0, 137.0, 164.0, 167.0, 159.0, 136.0, 155.0, 153.0, 142.0, 140.0, 171.0, 175.0, 151.0, 141.0, 144.0, 146.0, 181.0, 134.0, 162.0, 164.0, 385.0, 175.0, 145.0, 137.0]
Epoch 30, Batch 300, [0.010031/25.352672]
[157.0, 162.0, 151.0, 129.0, 221.0, 161.0, 149.0, 141.0, 153.0, 157.0, 176.0, 162.0, 147.0, 144.0, 153.0, 156.0, 155.0, 145.0, 183.0, 139.0, 167.0, 163.0, 131.0, 169.0, 160.0, 129.0, 174.0, 149.0, 143.0, 154.0, 162.0, 145.0, 158.0, 164.0, 159.0, 167.0, 321.0, 150.0, 130.0, 164.0]
Epoch 30, Batch 350, [0.008363/25.283762]
[144.0, 152.0, 159.0, 152.0, 245.0, 161.0, 136.0, 131.0, 141.0, 137.0, 153.0, 161.0, 142.0, 169.0, 175.0, 156.0, 176.0, 170.0, 153.0, 144.0, 165.0, 172.0, 158.0, 177.0, 127.0, 151.0, 161.0, 154.0, 155.0, 124.0, 156.0, 163.0, 139.0, 133.0, 172.0, 138.0, 352.0, 126.0, 166.0, 154.0]
Epoch 31, Batch 50, [0.014320/25.160108]
[287.0, 281.0, 254.0, 283.0, 432.0, 266.0, 278.0, 289.0, 279.0, 268.0, 312.0, 294.0, 250.0, 277.0, 268.0, 292.0, 269.0, 247.0, 286.0, 269.0, 263.0, 283.0, 280.0, 298.0, 272.0, 289.0, 263.0, 285.0, 265.0, 285.0, 221.0, 284.0, 275.0, 288.0, 300.0, 312.0, 644.0, 272.0, 283.0, 257.0]
Epoch 31, Batch 100, [0.014272/25.093581]
[138.0, 170.0, 140.0, 142.0, 249.0, 156.0, 152.0, 143.0, 160.0, 156.0, 160.0, 155.0, 151.0, 168.0, 146.0, 142.0, 149.0, 141.0, 174.0, 171.0, 151.0, 141.0, 165.0, 152.0, 160.0, 165.0, 164.0, 169.0, 152.0, 146.0, 130.0, 156.0, 153.0, 148.0, 167.0, 146.0, 349.0, 159.0, 119.0, 145.0]
Epoch 31, Batch 150, [0.011080/25.027852]
[159.0, 139.0, 155.0, 138.0, 212.0, 136.0, 163.0, 168.0, 143.0, 177.0, 148.0, 178.0, 160.0, 146.0, 130.0, 152.0, 151.0, 178.0, 155.0, 126.0, 133.0, 172.0, 167.0, 167.0, 154.0, 154.0, 156.0, 149.0, 136.0, 143.0, 144.0, 173.0, 158.0, 151.0, 176.0, 173.0, 333.0, 159.0, 151.0, 137.0]
Epoch 31, Batch 200, [0.023424/24.963128]
[158.0, 137.0, 146.0, 157.0, 204.0, 144.0, 150.0, 177.0, 148.0, 150.0, 170.0, 128.0, 159.0, 158.0, 169.0, 152.0, 151.0, 165.0, 155.0, 168.0, 157.0, 146.0, 164.0, 156.0, 155.0, 143.0, 155.0, 170.0, 138.0, 162.0, 178.0, 123.0, 148.0, 162.0, 157.0, 135.0, 345.0, 139.0, 172.0, 149.0]
Epoch 31, Batch 250, [0.013707/24.899408]
[163.0, 165.0, 145.0, 153.0, 210.0, 151.0, 159.0, 151.0, 152.0, 157.0, 153.0, 147.0, 175.0, 141.0, 163.0, 154.0, 136.0, 155.0, 151.0, 152.0, 159.0, 149.0, 174.0, 156.0, 176.0, 153.0, 138.0, 153.0, 151.0, 151.0, 170.0, 162.0, 158.0, 171.0, 143.0, 142.0, 355.0, 162.0, 119.0, 125.0]
Epoch 31, Batch 300, [0.015200/24.836492]
[161.0, 157.0, 163.0, 159.0, 220.0, 164.0, 146.0, 153.0, 142.0, 155.0, 171.0, 153.0, 159.0, 148.0, 158.0, 164.0, 168.0, 136.0, 152.0, 146.0, 155.0, 148.0, 170.0, 132.0, 156.0, 149.0, 181.0, 150.0, 143.0, 149.0, 141.0, 150.0, 164.0, 169.0, 148.0, 145.0, 343.0, 129.0, 147.0, 156.0]
Epoch 31, Batch 350, [0.007182/24.774682]
[157.0, 150.0, 168.0, 158.0, 242.0, 151.0, 150.0, 161.0, 157.0, 188.0, 162.0, 133.0, 172.0, 141.0, 146.0, 143.0, 163.0, 141.0, 150.0, 156.0, 158.0, 166.0, 145.0, 149.0, 143.0, 139.0, 157.0, 168.0, 139.0, 148.0, 156.0, 163.0, 161.0, 152.0, 156.0, 135.0, 338.0, 141.0, 155.0, 142.0]
Epoch 32, Batch 50, [0.010891/24.664274]
[276.0, 264.0, 278.0, 267.0, 413.0, 289.0, 269.0, 272.0, 224.0, 263.0, 300.0, 258.0, 250.0, 281.0, 281.0, 287.0, 289.0, 281.0, 303.0, 257.0, 282.0, 255.0, 269.0, 291.0, 294.0, 309.0, 304.0, 275.0, 263.0, 303.0, 274.0, 298.0, 291.0, 260.0, 269.0, 283.0, 628.0, 291.0, 282.0, 277.0]
Epoch 32, Batch 100, [0.019423/24.605181]
[161.0, 172.0, 155.0, 150.0, 234.0, 175.0, 145.0, 182.0, 164.0, 156.0, 143.0, 165.0, 149.0, 155.0, 164.0, 142.0, 128.0, 162.0, 151.0, 162.0, 145.0, 147.0, 133.0, 143.0, 183.0, 160.0, 149.0, 143.0, 152.0, 134.0, 141.0, 158.0, 145.0, 144.0, 165.0, 152.0, 353.0, 149.0, 142.0, 147.0]
Epoch 32, Batch 150, [0.012006/24.546727]
[151.0, 156.0, 147.0, 151.0, 221.0, 138.0, 155.0, 173.0, 153.0, 149.0, 159.0, 174.0, 157.0, 161.0, 132.0, 163.0, 150.0, 149.0, 175.0, 166.0, 144.0, 149.0, 154.0, 161.0, 139.0, 139.0, 148.0, 162.0, 142.0, 161.0, 142.0, 170.0, 166.0, 147.0, 166.0, 156.0, 337.0, 144.0, 155.0, 138.0]
Epoch 32, Batch 200, [0.007527/24.489585]
[155.0, 151.0, 164.0, 144.0, 230.0, 170.0, 171.0, 137.0, 144.0, 153.0, 166.0, 147.0, 159.0, 135.0, 153.0, 169.0, 140.0, 142.0, 154.0, 160.0, 161.0, 140.0, 145.0, 160.0, 157.0, 152.0, 135.0, 164.0, 157.0, 170.0, 145.0, 139.0, 155.0, 147.0, 161.0, 168.0, 360.0, 155.0, 139.0, 146.0]
Epoch 32, Batch 250, [0.006189/24.433372]
[159.0, 195.0, 144.0, 155.0, 212.0, 144.0, 151.0, 144.0, 158.0, 165.0, 147.0, 166.0, 162.0, 151.0, 148.0, 177.0, 173.0, 150.0, 140.0, 140.0, 152.0, 142.0, 162.0, 148.0, 159.0, 158.0, 133.0, 160.0, 143.0, 137.0, 144.0, 157.0, 159.0, 137.0, 177.0, 156.0, 363.0, 171.0, 150.0, 111.0]
Epoch 32, Batch 300, [0.009623/24.378197]
[167.0, 177.0, 139.0, 157.0, 249.0, 145.0, 146.0, 147.0, 134.0, 138.0, 161.0, 151.0, 144.0, 148.0, 158.0, 165.0, 152.0, 157.0, 146.0, 164.0, 170.0, 146.0, 153.0, 158.0, 152.0, 159.0, 148.0, 164.0, 138.0, 159.0, 153.0, 157.0, 142.0, 147.0, 170.0, 161.0, 359.0, 149.0, 140.0, 130.0]
Epoch 32, Batch 350, [0.016064/24.324024]
[146.0, 161.0, 154.0, 148.0, 211.0, 149.0, 151.0, 160.0, 161.0, 143.0, 148.0, 147.0, 139.0, 151.0, 153.0, 153.0, 158.0, 140.0, 154.0, 151.0, 152.0, 143.0, 155.0, 145.0, 161.0, 157.0, 144.0, 162.0, 181.0, 162.0, 160.0, 149.0, 160.0, 130.0, 162.0, 166.0, 368.0, 162.0, 165.0, 138.0]
Epoch 33, Batch 50, [0.007868/24.227116]
[258.0, 277.0, 272.0, 268.0, 382.0, 289.0, 308.0, 269.0, 287.0, 312.0, 275.0, 258.0, 269.0, 290.0, 275.0, 292.0, 270.0, 294.0, 270.0, 282.0, 278.0, 269.0, 304.0, 245.0, 262.0, 270.0, 260.0, 273.0, 289.0, 271.0, 273.0, 257.0, 302.0, 276.0, 285.0, 257.0, 651.0, 278.0, 279.0, 324.0]
Epoch 33, Batch 100, [0.007785/24.175922]
[152.0, 158.0, 148.0, 153.0, 202.0, 171.0, 151.0, 167.0, 165.0, 137.0, 158.0, 168.0, 138.0, 140.0, 158.0, 146.0, 139.0, 152.0, 172.0, 142.0, 139.0, 166.0, 146.0, 138.0, 154.0, 159.0, 148.0, 138.0, 167.0, 168.0, 171.0, 146.0, 138.0, 143.0, 158.0, 147.0, 393.0, 158.0, 153.0, 153.0]
Epoch 33, Batch 150, [0.013055/24.125295]
[154.0, 143.0, 167.0, 166.0, 224.0, 162.0, 163.0, 165.0, 133.0, 148.0, 169.0, 136.0, 140.0, 146.0, 171.0, 165.0, 156.0, 154.0, 162.0, 163.0, 157.0, 170.0, 141.0, 140.0, 156.0, 155.0, 156.0, 151.0, 166.0, 121.0, 149.0, 166.0, 157.0, 162.0, 142.0, 157.0, 338.0, 147.0, 139.0, 143.0]
Epoch 33, Batch 200, [0.009901/24.075535]
[165.0, 154.0, 158.0, 171.0, 209.0, 166.0, 159.0, 139.0, 160.0, 155.0, 161.0, 157.0, 152.0, 151.0, 144.0, 178.0, 156.0, 155.0, 132.0, 149.0, 132.0, 176.0, 161.0, 161.0, 177.0, 160.0, 169.0, 137.0, 145.0, 153.0, 142.0, 134.0, 155.0, 150.0, 154.0, 160.0, 343.0, 138.0, 138.0, 144.0]
Epoch 33, Batch 250, [0.009941/24.027001]
[151.0, 170.0, 155.0, 157.0, 240.0, 126.0, 144.0, 163.0, 161.0, 163.0, 153.0, 148.0, 154.0, 145.0, 152.0, 150.0, 161.0, 160.0, 168.0, 152.0, 149.0, 159.0, 166.0, 141.0, 144.0, 130.0, 160.0, 178.0, 159.0, 138.0, 162.0, 139.0, 129.0, 159.0, 144.0, 172.0, 340.0, 165.0, 157.0, 136.0]
Epoch 33, Batch 300, [0.018541/23.979212]
[150.0, 158.0, 145.0, 168.0, 202.0, 136.0, 168.0, 158.0, 160.0, 156.0, 165.0, 144.0, 155.0, 140.0, 167.0, 168.0, 167.0, 156.0, 135.0, 175.0, 146.0, 144.0, 154.0, 136.0, 159.0, 140.0, 135.0, 155.0, 162.0, 151.0, 141.0, 154.0, 158.0, 150.0, 179.0, 141.0, 352.0, 152.0, 148.0, 170.0]
Epoch 33, Batch 350, [0.018227/23.932834]
[169.0, 162.0, 145.0, 146.0, 210.0, 153.0, 152.0, 141.0, 159.0, 155.0, 141.0, 135.0, 176.0, 175.0, 149.0, 172.0, 140.0, 166.0, 139.0, 160.0, 143.0, 156.0, 145.0, 145.0, 143.0, 158.0, 141.0, 149.0, 166.0, 151.0, 137.0, 153.0, 142.0, 152.0, 140.0, 178.0, 383.0, 159.0, 164.0, 150.0]
Epoch 34, Batch 50, [0.019978/23.849543]
[284.0, 308.0, 265.0, 271.0, 400.0, 294.0, 292.0, 258.0, 263.0, 271.0, 281.0, 273.0, 274.0, 262.0, 291.0, 250.0, 275.0, 260.0, 280.0, 267.0, 294.0, 295.0, 290.0, 245.0, 278.0, 290.0, 284.0, 288.0, 288.0, 308.0, 291.0, 279.0, 252.0, 253.0, 291.0, 291.0, 624.0, 289.0, 283.0, 268.0]
Epoch 34, Batch 100, [0.010117/23.805871]
[172.0, 157.0, 175.0, 157.0, 221.0, 143.0, 172.0, 156.0, 138.0, 156.0, 153.0, 155.0, 149.0, 139.0, 157.0, 149.0, 143.0, 157.0, 159.0, 126.0, 147.0, 149.0, 140.0, 167.0, 154.0, 151.0, 170.0, 159.0, 140.0, 132.0, 170.0, 144.0, 164.0, 143.0, 152.0, 160.0, 372.0, 162.0, 143.0, 147.0]
Epoch 34, Batch 150, [0.010648/23.762674]
[165.0, 164.0, 154.0, 148.0, 199.0, 153.0, 171.0, 166.0, 147.0, 167.0, 148.0, 130.0, 157.0, 161.0, 173.0, 148.0, 142.0, 169.0, 142.0, 165.0, 165.0, 170.0, 149.0, 140.0, 153.0, 143.0, 161.0, 156.0, 152.0, 150.0, 163.0, 158.0, 151.0, 142.0, 137.0, 158.0, 351.0, 141.0, 144.0, 147.0]
Epoch 34, Batch 200, [0.014393/23.720693]
[165.0, 128.0, 152.0, 160.0, 178.0, 162.0, 153.0, 165.0, 176.0, 156.0, 161.0, 167.0, 166.0, 159.0, 159.0, 147.0, 157.0, 155.0, 167.0, 159.0, 145.0, 151.0, 148.0, 157.0, 161.0, 140.0, 160.0, 172.0, 140.0, 126.0, 141.0, 163.0, 150.0, 134.0, 147.0, 154.0, 369.0, 149.0, 144.0, 157.0]
Epoch 34, Batch 250, [0.010264/23.679742]
[169.0, 159.0, 151.0, 154.0, 201.0, 140.0, 135.0, 145.0, 138.0, 158.0, 149.0, 156.0, 164.0, 154.0, 176.0, 136.0, 169.0, 150.0, 149.0, 176.0, 148.0, 150.0, 158.0, 146.0, 127.0, 146.0, 159.0, 160.0, 151.0, 150.0, 164.0, 159.0, 135.0, 161.0, 165.0, 158.0, 372.0, 146.0, 149.0, 167.0]
Epoch 34, Batch 300, [0.008026/23.639601]
[161.0, 155.0, 160.0, 157.0, 197.0, 167.0, 150.0, 163.0, 167.0, 142.0, 158.0, 155.0, 166.0, 155.0, 145.0, 144.0, 168.0, 152.0, 163.0, 166.0, 146.0, 127.0, 157.0, 160.0, 156.0, 167.0, 155.0, 177.0, 145.0, 135.0, 135.0, 146.0, 135.0, 173.0, 158.0, 152.0, 351.0, 155.0, 143.0, 136.0]
Epoch 34, Batch 350, [0.017331/23.600692]
[154.0, 156.0, 151.0, 189.0, 219.0, 157.0, 131.0, 158.0, 159.0, 148.0, 143.0, 167.0, 139.0, 146.0, 158.0, 134.0, 158.0, 162.0, 146.0, 166.0, 149.0, 125.0, 167.0, 151.0, 146.0, 158.0, 159.0, 146.0, 150.0, 143.0, 154.0, 155.0, 154.0, 131.0, 159.0, 182.0, 364.0, 152.0, 174.0, 140.0]
Epoch 35, Batch 50, [0.011270/23.531545]
[276.0, 280.0, 287.0, 271.0, 402.0, 257.0, 307.0, 281.0, 284.0, 248.0, 269.0, 305.0, 254.0, 292.0, 240.0, 265.0, 279.0, 296.0, 305.0, 272.0, 279.0, 286.0, 269.0, 282.0, 267.0, 274.0, 284.0, 298.0, 298.0, 307.0, 287.0, 270.0, 266.0, 275.0, 270.0, 274.0, 622.0, 271.0, 269.0, 282.0]
Epoch 35, Batch 100, [0.008596/23.495433]
[141.0, 161.0, 148.0, 166.0, 205.0, 169.0, 134.0, 157.0, 147.0, 143.0, 156.0, 174.0, 179.0, 144.0, 171.0, 186.0, 152.0, 167.0, 156.0, 163.0, 148.0, 160.0, 171.0, 134.0, 131.0, 151.0, 185.0, 147.0, 158.0, 139.0, 133.0, 141.0, 145.0, 165.0, 133.0, 142.0, 373.0, 128.0, 156.0, 141.0]
Epoch 35, Batch 150, [0.017496/23.460116]
[141.0, 128.0, 154.0, 137.0, 224.0, 171.0, 171.0, 164.0, 141.0, 148.0, 157.0, 157.0, 141.0, 168.0, 167.0, 162.0, 179.0, 150.0, 159.0, 133.0, 150.0, 138.0, 143.0, 168.0, 160.0, 154.0, 167.0, 129.0, 156.0, 152.0, 141.0, 159.0, 156.0, 137.0, 154.0, 149.0, 354.0, 164.0, 152.0, 165.0]
Epoch 35, Batch 200, [0.028082/23.425965]
[144.0, 161.0, 150.0, 157.0, 214.0, 174.0, 160.0, 148.0, 146.0, 175.0, 162.0, 143.0, 141.0, 179.0, 165.0, 152.0, 160.0, 156.0, 153.0, 154.0, 162.0, 150.0, 145.0, 159.0, 134.0, 151.0, 149.0, 147.0, 170.0, 171.0, 145.0, 136.0, 161.0, 144.0, 134.0, 128.0, 361.0, 132.0, 171.0, 156.0]
Epoch 35, Batch 250, [0.006894/23.393239]
[162.0, 176.0, 144.0, 153.0, 224.0, 144.0, 165.0, 164.0, 149.0, 160.0, 142.0, 139.0, 130.0, 151.0, 156.0, 160.0, 171.0, 159.0, 142.0, 146.0, 151.0, 184.0, 133.0, 154.0, 135.0, 169.0, 153.0, 148.0, 136.0, 144.0, 133.0, 177.0, 152.0, 181.0, 158.0, 137.0, 381.0, 152.0, 157.0, 128.0]
Epoch 35, Batch 300, [0.010244/23.361201]
[174.0, 153.0, 167.0, 148.0, 217.0, 145.0, 154.0, 149.0, 166.0, 157.0, 148.0, 151.0, 139.0, 135.0, 129.0, 163.0, 147.0, 144.0, 162.0, 175.0, 117.0, 143.0, 162.0, 153.0, 163.0, 148.0, 159.0, 150.0, 150.0, 163.0, 145.0, 159.0, 173.0, 177.0, 142.0, 145.0, 362.0, 143.0, 167.0, 156.0]
Epoch 35, Batch 350, [0.012454/23.329733]
[169.0, 156.0, 143.0, 161.0, 196.0, 150.0, 154.0, 132.0, 148.0, 140.0, 140.0, 173.0, 139.0, 163.0, 155.0, 151.0, 161.0, 154.0, 174.0, 149.0, 156.0, 152.0, 147.0, 153.0, 150.0, 146.0, 164.0, 165.0, 145.0, 168.0, 150.0, 159.0, 144.0, 161.0, 155.0, 149.0, 370.0, 130.0, 179.0, 149.0]
Epoch 36, Batch 50, [0.011106/23.275569]
[270.0, 309.0, 271.0, 290.0, 355.0, 279.0, 246.0, 245.0, 253.0, 279.0, 278.0, 276.0, 272.0, 297.0, 266.0, 279.0, 259.0, 276.0, 291.0, 283.0, 295.0, 292.0, 271.0, 271.0, 299.0, 282.0, 273.0, 266.0, 287.0, 286.0, 269.0, 274.0, 271.0, 283.0, 286.0, 301.0, 698.0, 275.0, 277.0, 270.0]
Epoch 36, Batch 100, [0.009091/23.247552]
[160.0, 164.0, 138.0, 161.0, 207.0, 166.0, 150.0, 145.0, 133.0, 153.0, 177.0, 144.0, 162.0, 176.0, 129.0, 146.0, 159.0, 149.0, 160.0, 157.0, 160.0, 146.0, 157.0, 153.0, 148.0, 149.0, 143.0, 146.0, 167.0, 157.0, 160.0, 140.0, 145.0, 139.0, 130.0, 177.0, 390.0, 169.0, 142.0, 146.0]
Epoch 36, Batch 150, [0.023216/23.220256]
[142.0, 156.0, 165.0, 152.0, 213.0, 154.0, 149.0, 154.0, 137.0, 145.0, 165.0, 158.0, 149.0, 170.0, 149.0, 157.0, 149.0, 135.0, 153.0, 156.0, 158.0, 159.0, 162.0, 156.0, 143.0, 149.0, 144.0, 164.0, 149.0, 164.0, 143.0, 149.0, 151.0, 155.0, 131.0, 163.0, 357.0, 145.0, 194.0, 156.0]
Epoch 36, Batch 200, [0.019351/23.193972]
[164.0, 141.0, 162.0, 148.0, 186.0, 157.0, 162.0, 152.0, 147.0, 146.0, 135.0, 161.0, 142.0, 155.0, 155.0, 159.0, 159.0, 143.0, 135.0, 149.0, 151.0, 155.0, 153.0, 146.0, 157.0, 167.0, 173.0, 173.0, 132.0, 162.0, 154.0, 161.0, 164.0, 148.0, 151.0, 160.0, 380.0, 141.0, 146.0, 168.0]
Epoch 36, Batch 250, [0.011742/23.168989]
[136.0, 149.0, 170.0, 158.0, 196.0, 153.0, 141.0, 155.0, 158.0, 161.0, 149.0, 152.0, 167.0, 138.0, 161.0, 159.0, 152.0, 138.0, 159.0, 147.0, 156.0, 161.0, 159.0, 147.0, 168.0, 134.0, 153.0, 149.0, 173.0, 147.0, 164.0, 159.0, 162.0, 142.0, 115.0, 147.0, 399.0, 144.0, 178.0, 144.0]
Epoch 36, Batch 300, [0.011356/23.145382]
[150.0, 137.0, 175.0, 147.0, 218.0, 168.0, 157.0, 135.0, 159.0, 156.0, 119.0, 167.0, 162.0, 154.0, 156.0, 136.0, 151.0, 164.0, 152.0, 150.0, 154.0, 149.0, 158.0, 169.0, 161.0, 153.0, 143.0, 126.0, 171.0, 132.0, 160.0, 171.0, 147.0, 139.0, 139.0, 163.0, 397.0, 168.0, 147.0, 140.0]
Epoch 36, Batch 350, [0.007282/23.121666]
[161.0, 156.0, 166.0, 178.0, 192.0, 148.0, 135.0, 157.0, 168.0, 135.0, 156.0, 160.0, 144.0, 156.0, 156.0, 152.0, 150.0, 142.0, 169.0, 157.0, 152.0, 151.0, 168.0, 155.0, 155.0, 139.0, 166.0, 132.0, 156.0, 163.0, 149.0, 160.0, 151.0, 162.0, 164.0, 152.0, 356.0, 128.0, 157.0, 146.0]
Epoch 37, Batch 50, [0.007425/23.081019]
[273.0, 284.0, 254.0, 270.0, 351.0, 251.0, 286.0, 271.0, 280.0, 287.0, 287.0, 265.0, 289.0, 296.0, 276.0, 265.0, 296.0, 281.0, 284.0, 280.0, 262.0, 292.0, 276.0, 275.0, 275.0, 276.0, 269.0, 291.0, 250.0, 289.0, 285.0, 287.0, 261.0, 320.0, 309.0, 277.0, 667.0, 285.0, 262.0, 266.0]
Epoch 37, Batch 100, [0.010435/23.060674]
[151.0, 182.0, 163.0, 177.0, 207.0, 135.0, 163.0, 182.0, 154.0, 151.0, 170.0, 162.0, 145.0, 141.0, 143.0, 139.0, 151.0, 146.0, 149.0, 143.0, 153.0, 151.0, 146.0, 176.0, 140.0, 157.0, 135.0, 147.0, 173.0, 158.0, 153.0, 148.0, 145.0, 146.0, 162.0, 142.0, 378.0, 132.0, 145.0, 159.0]
Epoch 37, Batch 150, [0.010242/23.040717]
[168.0, 134.0, 148.0, 160.0, 225.0, 136.0, 145.0, 179.0, 141.0, 181.0, 153.0, 139.0, 146.0, 146.0, 148.0, 155.0, 146.0, 147.0, 158.0, 160.0, 159.0, 192.0, 151.0, 120.0, 147.0, 140.0, 166.0, 171.0, 150.0, 136.0, 161.0, 162.0, 183.0, 132.0, 166.0, 150.0, 335.0, 137.0, 163.0, 164.0]
Epoch 37, Batch 200, [0.019252/23.022549]
[156.0, 153.0, 171.0, 179.0, 179.0, 140.0, 173.0, 158.0, 147.0, 144.0, 153.0, 167.0, 157.0, 139.0, 147.0, 158.0, 144.0, 153.0, 154.0, 163.0, 137.0, 142.0, 158.0, 183.0, 145.0, 155.0, 159.0, 156.0, 160.0, 143.0, 125.0, 147.0, 143.0, 152.0, 154.0, 149.0, 387.0, 154.0, 140.0, 176.0]
Epoch 37, Batch 250, [0.007634/23.005735]
[140.0, 155.0, 159.0, 170.0, 189.0, 158.0, 138.0, 161.0, 149.0, 145.0, 154.0, 153.0, 171.0, 148.0, 168.0, 150.0, 149.0, 148.0, 160.0, 156.0, 123.0, 164.0, 171.0, 129.0, 133.0, 153.0, 177.0, 148.0, 154.0, 142.0, 152.0, 139.0, 176.0, 162.0, 164.0, 160.0, 405.0, 134.0, 135.0, 158.0]
Epoch 37, Batch 300, [0.066931/22.988589]
[116.0, 154.0, 155.0, 165.0, 184.0, 137.0, 156.0, 156.0, 179.0, 157.0, 133.0, 137.0, 171.0, 139.0, 156.0, 160.0, 163.0, 180.0, 128.0, 162.0, 184.0, 162.0, 176.0, 154.0, 144.0, 159.0, 171.0, 171.0, 152.0, 155.0, 160.0, 138.0, 140.0, 153.0, 160.0, 140.0, 343.0, 141.0, 154.0, 155.0]
Epoch 37, Batch 350, [0.020496/22.973401]
[186.0, 182.0, 152.0, 174.0, 182.0, 159.0, 145.0, 164.0, 153.0, 145.0, 135.0, 154.0, 154.0, 146.0, 154.0, 149.0, 149.0, 169.0, 151.0, 157.0, 168.0, 135.0, 149.0, 165.0, 138.0, 153.0, 167.0, 134.0, 155.0, 144.0, 146.0, 161.0, 150.0, 144.0, 155.0, 134.0, 399.0, 126.0, 169.0, 148.0]
Epoch 38, Batch 50, [0.020200/22.948067]
[294.0, 270.0, 252.0, 270.0, 387.0, 273.0, 266.0, 287.0, 302.0, 254.0, 285.0, 286.0, 287.0, 289.0, 281.0, 255.0, 284.0, 302.0, 281.0, 300.0, 296.0, 288.0, 271.0, 255.0, 228.0, 282.0, 257.0, 292.0, 269.0, 255.0, 306.0, 286.0, 276.0, 268.0, 309.0, 276.0, 710.0, 266.0, 256.0, 249.0]
Epoch 38, Batch 100, [0.031737/22.935783]
[149.0, 140.0, 158.0, 156.0, 189.0, 159.0, 162.0, 153.0, 161.0, 157.0, 150.0, 131.0, 136.0, 160.0, 130.0, 152.0, 131.0, 174.0, 141.0, 161.0, 161.0, 132.0, 145.0, 131.0, 176.0, 141.0, 154.0, 175.0, 171.0, 154.0, 154.0, 147.0, 172.0, 155.0, 165.0, 168.0, 388.0, 147.0, 147.0, 167.0]
Epoch 38, Batch 150, [0.010255/22.924535]
[161.0, 178.0, 151.0, 179.0, 211.0, 165.0, 151.0, 152.0, 152.0, 178.0, 147.0, 141.0, 155.0, 160.0, 156.0, 163.0, 169.0, 154.0, 148.0, 149.0, 168.0, 123.0, 151.0, 159.0, 127.0, 156.0, 146.0, 137.0, 126.0, 130.0, 167.0, 148.0, 143.0, 154.0, 168.0, 149.0, 379.0, 138.0, 147.0, 164.0]
Epoch 38, Batch 200, [0.023383/22.914486]
[172.0, 145.0, 159.0, 136.0, 207.0, 139.0, 153.0, 159.0, 159.0, 180.0, 160.0, 158.0, 151.0, 135.0, 172.0, 152.0, 157.0, 160.0, 137.0, 172.0, 159.0, 159.0, 142.0, 172.0, 154.0, 156.0, 150.0, 161.0, 160.0, 133.0, 153.0, 149.0, 142.0, 168.0, 152.0, 132.0, 386.0, 136.0, 122.0, 151.0]
Epoch 38, Batch 250, [0.011195/22.905169]
[163.0, 132.0, 150.0, 124.0, 225.0, 151.0, 158.0, 178.0, 164.0, 155.0, 154.0, 169.0, 159.0, 144.0, 164.0, 163.0, 142.0, 149.0, 129.0, 154.0, 151.0, 163.0, 167.0, 159.0, 153.0, 146.0, 152.0, 160.0, 147.0, 160.0, 153.0, 160.0, 144.0, 134.0, 169.0, 145.0, 370.0, 131.0, 158.0, 151.0]
Epoch 38, Batch 300, [0.006481/22.896695]
[158.0, 168.0, 138.0, 149.0, 219.0, 156.0, 140.0, 152.0, 152.0, 163.0, 150.0, 168.0, 152.0, 172.0, 168.0, 144.0, 140.0, 151.0, 155.0, 136.0, 163.0, 148.0, 139.0, 174.0, 139.0, 168.0, 172.0, 141.0, 161.0, 141.0, 165.0, 156.0, 162.0, 157.0, 146.0, 142.0, 351.0, 138.0, 144.0, 162.0]
Epoch 38, Batch 350, [0.011004/22.889470]
[155.0, 155.0, 147.0, 148.0, 181.0, 161.0, 166.0, 149.0, 162.0, 165.0, 157.0, 153.0, 146.0, 138.0, 141.0, 154.0, 141.0, 143.0, 158.0, 153.0, 137.0, 165.0, 205.0, 131.0, 186.0, 139.0, 140.0, 139.0, 156.0, 161.0, 146.0, 158.0, 162.0, 163.0, 141.0, 148.0, 377.0, 145.0, 163.0, 165.0]
Epoch 39, Batch 50, [0.015105/22.878191]
[253.0, 289.0, 303.0, 257.0, 337.0, 246.0, 286.0, 278.0, 290.0, 286.0, 298.0, 281.0, 248.0, 305.0, 282.0, 290.0, 278.0, 266.0, 288.0, 275.0, 290.0, 306.0, 277.0, 282.0, 267.0, 282.0, 292.0, 278.0, 284.0, 280.0, 256.0, 293.0, 256.0, 273.0, 277.0, 275.0, 693.0, 293.0, 256.0, 254.0]
Epoch 39, Batch 100, [0.036623/22.874362]
[142.0, 152.0, 144.0, 150.0, 189.0, 155.0, 162.0, 175.0, 157.0, 179.0, 146.0, 160.0, 152.0, 173.0, 167.0, 160.0, 148.0, 152.0, 134.0, 137.0, 164.0, 160.0, 157.0, 139.0, 164.0, 142.0, 134.0, 140.0, 148.0, 152.0, 135.0, 165.0, 151.0, 133.0, 158.0, 156.0, 398.0, 156.0, 154.0, 160.0]
Epoch 39, Batch 150, [0.028417/22.870542]
[172.0, 162.0, 153.0, 155.0, 190.0, 170.0, 169.0, 162.0, 151.0, 133.0, 169.0, 181.0, 139.0, 163.0, 171.0, 154.0, 166.0, 146.0, 129.0, 153.0, 168.0, 147.0, 133.0, 162.0, 154.0, 157.0, 135.0, 145.0, 138.0, 168.0, 136.0, 148.0, 164.0, 131.0, 159.0, 132.0, 368.0, 165.0, 154.0, 148.0]
Epoch 39, Batch 200, [0.022144/22.867243]
[158.0, 149.0, 147.0, 167.0, 210.0, 160.0, 162.0, 159.0, 147.0, 154.0, 134.0, 151.0, 148.0, 162.0, 153.0, 161.0, 141.0, 146.0, 181.0, 162.0, 143.0, 156.0, 179.0, 172.0, 148.0, 151.0, 165.0, 152.0, 146.0, 165.0, 154.0, 136.0, 159.0, 146.0, 160.0, 166.0, 324.0, 129.0, 149.0, 148.0]
Epoch 39, Batch 250, [0.008246/22.866053]
[137.0, 160.0, 176.0, 141.0, 198.0, 136.0, 147.0, 149.0, 167.0, 171.0, 151.0, 158.0, 172.0, 144.0, 158.0, 154.0, 169.0, 161.0, 154.0, 127.0, 155.0, 172.0, 158.0, 129.0, 143.0, 145.0, 171.0, 141.0, 178.0, 154.0, 159.0, 157.0, 151.0, 159.0, 139.0, 135.0, 373.0, 170.0, 147.0, 134.0]
Epoch 39, Batch 300, [0.025858/22.865751]
[153.0, 168.0, 156.0, 149.0, 167.0, 160.0, 156.0, 142.0, 142.0, 168.0, 146.0, 137.0, 141.0, 155.0, 145.0, 151.0, 153.0, 157.0, 162.0, 161.0, 154.0, 151.0, 156.0, 157.0, 156.0, 132.0, 161.0, 152.0, 157.0, 155.0, 146.0, 160.0, 156.0, 156.0, 165.0, 154.0, 386.0, 145.0, 180.0, 152.0]
Epoch 39, Batch 350, [0.011148/22.866467]
[155.0, 145.0, 141.0, 157.0, 187.0, 144.0, 145.0, 160.0, 160.0, 163.0, 166.0, 140.0, 146.0, 141.0, 138.0, 143.0, 149.0, 163.0, 136.0, 157.0, 150.0, 151.0, 125.0, 166.0, 143.0, 157.0, 168.0, 153.0, 150.0, 158.0, 179.0, 181.0, 158.0, 145.0, 184.0, 149.0, 378.0, 164.0, 160.0, 145.0]
